[ 2015-03-01T08:38:03+08:00 ] 127.0.0.1 /ding/admin.php?s=/Public/login.html
INFO: [ view_parse ] --START--
INFO: [ template_filter ] --START--
INFO: Run Behavior\ContentReplaceBehavior [ RunTime:0.000000s ]
INFO: [ template_filter ] --END-- [ RunTime:0.000000s ]
INFO: Run Behavior\ParseTemplateBehavior [ RunTime:0.005000s ]
INFO: [ view_parse ] --END-- [ RunTime:0.007000s ]
INFO: [ view_filter ] --START--
INFO: Run Behavior\WriteHtmlCacheBehavior [ RunTime:0.000000s ]
INFO: [ view_filter ] --END-- [ RunTime:0.000000s ]
INFO: [ app_end ] --START--
INFO: Run Behavior\ShowPageTraceBehavior [ RunTime:0.001001s ]
INFO: [ app_end ] --END-- [ RunTime:0.001001s ]

[ 2015-03-01T08:38:13+08:00 ] 127.0.0.1 /ding/admin.php?s=/Public/login.html
INFO: [ app_begin ] --START--
INFO: Run Behavior\ReadHtmlCacheBehavior [ RunTime:0.000000s ]
INFO: [ app_begin ] --END-- [ RunTime:0.001000s ]

[ 2015-03-01T08:38:20+08:00 ] 127.0.0.1 /ding/admin.php?s=/Public/login.html
INFO: [ app_begin ] --START--
INFO: Run Behavior\ReadHtmlCacheBehavior [ RunTime:0.001000s ]
INFO: [ app_begin ] --END-- [ RunTime:0.001000s ]
NOTIC: [8] Undefined index: lite D:\wwwroot\ding\ThinkPHP\Library\Think\Db.class.php 第 37 行.
SQL: SHOW COLUMNS FROM `ding_member` [ RunTime:0.0020s ]
SQL: SELECT `uid`,`nickname`,`sex`,`birthday`,`qq`,`score`,`login`,`reg_ip`,`reg_time`,`last_login_ip`,`last_login_time`,`status` FROM `ding_member` WHERE `uid` = 1 LIMIT 1   [ RunTime:0.0000s ]
SQL: SHOW COLUMNS FROM `ding_action` [ RunTime:0.0020s ]
SQL: SELECT * FROM `ding_action` WHERE `name` = 'user_login' LIMIT 1   [ RunTime:0.0000s ]
NOTIC: [8] unserialize(): Error at offset 0 of 29 bytes D:\wwwroot\ding\ThinkPHP\Library\Think\Cache\Driver\File.class.php 第 104 行.
SQL: SHOW COLUMNS FROM `ding_member` [ RunTime:0.0030s ]
SQL: SELECT `nickname` FROM `ding_member` WHERE `uid` = 1 LIMIT 1   [ RunTime:0.0000s ]
SQL: SHOW COLUMNS FROM `ding_action_log` [ RunTime:0.0020s ]
SQL: INSERT INTO `ding_action_log` (`action_id`,`user_id`,`action_ip`,`model`,`record_id`,`create_time`,`remark`) VALUES ('1','1','2130706433','member','1','1425170299','admin在2015-03-01 08:38登录了后台') [ RunTime:0.0010s ]
SQL: SELECT * FROM `ding_action` WHERE `name` = 'user_login' LIMIT 1   [ RunTime:0.0000s ]
NOTIC: [8] Undefined offset: 1 D:\wwwroot\ding\Application\Common\Common\function.php 第 679 行.
NOTIC: [2] array_key_exists() expects parameter 2 to be array, null given D:\wwwroot\ding\Application\Common\Common\function.php 第 679 行.
SQL: SELECT COUNT(*) AS tp_count FROM `ding_action_log` WHERE `action_id` = 1 AND `user_id` = 1 AND `create_time` > 1425083899 LIMIT 1   [ RunTime:0.0000s ]
SQL: UPDATE `ding_member` SET `login`=`login`+1,`last_login_time`='1425170299',`last_login_ip`='2130706433' WHERE `uid` = 1 [ RunTime:0.0000s ]

[ 2015-03-01T08:38:20+08:00 ] 127.0.0.1 /ding/admin.php?s=/Index/index.html
SQL: SHOW COLUMNS FROM `ding_menu` [ RunTime:0.0020s ]
SQL: SELECT `id`,`title`,`url` FROM `ding_menu` WHERE `pid` = 0 AND `hide` = 0 ORDER BY sort asc  [ RunTime:0.0010s ]
SQL: SELECT `pid` FROM `ding_menu` WHERE ( pid !=0 AND url like '%Index/index%' ) LIMIT 1   [ RunTime:0.0010s ]
INFO: [ view_parse ] --START--
INFO: [ template_filter ] --START--
INFO: Run Behavior\ContentReplaceBehavior [ RunTime:0.000000s ]
INFO: [ template_filter ] --END-- [ RunTime:0.001000s ]
INFO: [ AdminIndex ] --START--
SQL: SHOW COLUMNS FROM `ding_addons` [ RunTime:0.0030s ]
SQL: SELECT `config` FROM `ding_addons` WHERE `name` = 'SiteStat' AND `status` = 1 LIMIT 1   [ RunTime:0.0000s ]
SQL: SHOW COLUMNS FROM `ding_member` [ RunTime:0.0030s ]
SQL: SELECT COUNT(*) AS tp_count FROM `ding_member` LIMIT 1   [ RunTime:0.0000s ]
SQL: SHOW COLUMNS FROM `ding_action_log` [ RunTime:0.0020s ]
SQL: SELECT COUNT(*) AS tp_count FROM `ding_action_log` LIMIT 1   [ RunTime:0.0000s ]
SQL: SHOW COLUMNS FROM `ding_document` [ RunTime:0.0030s ]
SQL: SELECT COUNT(*) AS tp_count FROM `ding_document` LIMIT 1   [ RunTime:0.0000s ]
SQL: SHOW COLUMNS FROM `ding_category` [ RunTime:0.0030s ]
SQL: SELECT COUNT(*) AS tp_count FROM `ding_category` LIMIT 1   [ RunTime:0.0000s ]
SQL: SHOW COLUMNS FROM `ding_model` [ RunTime:0.0030s ]
SQL: SELECT COUNT(*) AS tp_count FROM `ding_model` LIMIT 1   [ RunTime:0.0010s ]
INFO: [ view_parse ] --START--
INFO: [ template_filter ] --START--
INFO: Run Behavior\ContentReplaceBehavior [ RunTime:0.000000s ]
INFO: [ template_filter ] --END-- [ RunTime:-0.032002s ]
INFO: Run Behavior\ParseTemplateBehavior [ RunTime:0.004000s ]
INFO: [ view_parse ] --END-- [ RunTime:0.004000s ]
INFO: [ view_filter ] --START--
INFO: Run Behavior\WriteHtmlCacheBehavior [ RunTime:0.001000s ]
INFO: [ view_filter ] --END-- [ RunTime:0.001000s ]
INFO: Run Addons\SiteStat\SiteStatAddon [ RunTime:0.030002s ]
SQL: SELECT `config` FROM `ding_addons` WHERE `name` = 'SystemInfo' AND `status` = 1 LIMIT 1   [ RunTime:0.0000s ]
INFO: [ view_parse ] --START--
INFO: [ template_filter ] --START--
INFO: Run Behavior\ContentReplaceBehavior [ RunTime:0.000000s ]
INFO: [ template_filter ] --END-- [ RunTime:-0.039002s ]
SQL: select version() as v; [ RunTime:0.0000s ]
INFO: Run Behavior\ParseTemplateBehavior [ RunTime:0.004000s ]
INFO: [ view_parse ] --END-- [ RunTime:-0.003000s ]
INFO: [ view_filter ] --START--
INFO: Run Behavior\WriteHtmlCacheBehavior [ RunTime:0.000000s ]
INFO: [ view_filter ] --END-- [ RunTime:-0.006000s ]
INFO: Run Addons\SystemInfo\SystemInfoAddon [ RunTime:0.007000s ]
INFO: [ view_parse ] --START--
INFO: [ template_filter ] --START--
INFO: Run Behavior\ContentReplaceBehavior [ RunTime:0.000000s ]
INFO: [ template_filter ] --END-- [ RunTime:-0.044003s ]
INFO: Run Behavior\ParseTemplateBehavior [ RunTime:0.002001s ]
INFO: [ view_parse ] --END-- [ RunTime:-0.008000s ]
INFO: [ view_filter ] --START--
INFO: Run Behavior\WriteHtmlCacheBehavior [ RunTime:0.000000s ]
INFO: [ view_filter ] --END-- [ RunTime:-0.010001s ]
INFO: Run Addons\kaifarenyuan\kaifarenyuanAddon [ RunTime:0.003001s ]
INFO: [ AdminIndex ] --END-- [ RunTime:0.041003s ]
INFO: Run Behavior\ParseTemplateBehavior [ RunTime:0.003001s ]
INFO: [ view_parse ] --END-- [ RunTime:-0.008000s ]
INFO: [ view_filter ] --START--
INFO: Run Behavior\WriteHtmlCacheBehavior [ RunTime:0.000000s ]
INFO: [ view_filter ] --END-- [ RunTime:-0.011001s ]
INFO: [ app_end ] --START--
INFO: Run Behavior\ShowPageTraceBehavior [ RunTime:0.001000s ]
INFO: [ app_end ] --END-- [ RunTime:0.001000s ]

[ 2015-03-01T08:38:22+08:00 ] 127.0.0.1 /ding/admin.php?s=/Article/index.html
SQL: SHOW COLUMNS FROM `ding_menu` [ RunTime:0.0030s ]
SQL: SELECT `id`,`title`,`url` FROM `ding_menu` WHERE `pid` = 0 AND `hide` = 0 ORDER BY sort asc  [ RunTime:0.0000s ]
SQL: SELECT `pid` FROM `ding_menu` WHERE ( pid !=0 AND url like '%Article/index%' ) LIMIT 1   [ RunTime:0.0000s ]
SQL: SELECT * FROM `ding_menu` WHERE `id` = 2 LIMIT 1   [ RunTime:0.0000s ]
SQL: SELECT DISTINCT  `group` FROM `ding_menu` WHERE `group` <> '' AND `pid` = 2  [ RunTime:0.0000s ]
SQL: SELECT `id`,`url` FROM `ding_menu` WHERE `pid` = 2 AND `hide` = 0  [ RunTime:0.0010s ]
SQL: SELECT `id`,`pid`,`title`,`url`,`tip` FROM `ding_menu` WHERE `group` = '内容' AND `pid` = 2 AND `hide` = 0 ORDER BY sort asc  [ RunTime:0.0000s ]
SQL: SHOW COLUMNS FROM `ding_auth_group_access` [ RunTime:0.0020s ]
SQL: SELECT `extend_id` FROM ding_auth_group_access g INNER JOIN ding_auth_extend c on g.group_id=c.group_id  WHERE ( g.uid='1' and c.type='1' and !isnull(extend_id) )  [ RunTime:0.0000s ]
SQL: SHOW COLUMNS FROM `ding_category` [ RunTime:0.0030s ]
SQL: SELECT `id`,`title`,`pid`,`allow_publish` FROM `ding_category` WHERE `status` = 1 ORDER BY pid,sort  [ RunTime:0.0000s ]
SQL: SHOW COLUMNS FROM `ding_model` [ RunTime:0.0030s ]
SQL: SELECT * FROM `ding_model` WHERE `name` = 'document' LIMIT 1   [ RunTime:0.0000s ]
SQL: SHOW COLUMNS FROM `ding_document` [ RunTime:0.0030s ]
SQL: SELECT COUNT(*) AS tp_count FROM ding_document DOCUMENT WHERE `status` IN ('0','1','2') AND `pid` = 0 LIMIT 1   [ RunTime:0.0010s ]
SQL: SELECT `id`,`title`,`type`,`update_time`,`status`,`view`,`category_id`,`model_id`,`pid` FROM ding_document DOCUMENT WHERE `status` IN ('0','1','2') AND `pid` = 0 ORDER BY level DESC,DOCUMENT.id DESC LIMIT 0,10   [ RunTime:0.0000s ]
SQL: SELECT `extend` FROM `ding_model` WHERE `id` = 1 LIMIT 1   [ RunTime:0.0000s ]
SQL: SHOW COLUMNS FROM `ding_attribute` [ RunTime:0.0030s ]
SQL: SELECT `id`,`name`,`type`,`extra` FROM `ding_attribute` WHERE `model_id` = 1  [ RunTime:0.0000s ]
NOTIC: [8] Undefined variable: groups D:\wwwroot\ding\Application\Admin\Controller\ArticleController.class.php 第 231 行.
INFO: [ view_parse ] --START--
INFO: [ template_filter ] --START--
INFO: Run Behavior\ContentReplaceBehavior [ RunTime:0.001000s ]
INFO: [ template_filter ] --END-- [ RunTime:0.001000s ]
INFO: Run Behavior\ParseTemplateBehavior [ RunTime:0.077004s ]
INFO: [ view_parse ] --END-- [ RunTime:0.077004s ]
INFO: [ view_filter ] --START--
INFO: Run Behavior\WriteHtmlCacheBehavior [ RunTime:0.000000s ]
INFO: [ view_filter ] --END-- [ RunTime:0.000000s ]
INFO: [ app_end ] --START--
INFO: Run Behavior\ShowPageTraceBehavior [ RunTime:0.000000s ]
INFO: [ app_end ] --END-- [ RunTime:0.000000s ]

[ 2015-03-01T08:38:23+08:00 ] 127.0.0.1 /ding/admin.php?s=/Config/group.html
SQL: SHOW COLUMNS FROM `ding_menu` [ RunTime:0.0020s ]
SQL: SELECT `id`,`title`,`url` FROM `ding_menu` WHERE `pid` = 0 AND `hide` = 0 ORDER BY sort asc  [ RunTime:0.0010s ]
SQL: SELECT `pid` FROM `ding_menu` WHERE ( pid !=0 AND url like '%Config/group%' ) LIMIT 1   [ RunTime:0.0010s ]
SQL: SELECT * FROM `ding_menu` WHERE `id` = 68 LIMIT 1   [ RunTime:0.0000s ]
SQL: SELECT DISTINCT  `group` FROM `ding_menu` WHERE `group` <> '' AND `pid` = 68  [ RunTime:0.0000s ]
SQL: SELECT `id`,`url` FROM `ding_menu` WHERE `pid` = 68 AND `hide` = 0  [ RunTime:0.0000s ]
SQL: SELECT `id`,`pid`,`title`,`url`,`tip` FROM `ding_menu` WHERE `group` = '系统设置' AND `pid` = 68 AND `hide` = 0 ORDER BY sort asc  [ RunTime:0.0000s ]
SQL: SELECT `id`,`pid`,`title`,`url`,`tip` FROM `ding_menu` WHERE `group` = '数据备份' AND `pid` = 68 AND `hide` = 0 ORDER BY sort asc  [ RunTime:0.0000s ]
SQL: SHOW COLUMNS FROM `ding_config` [ RunTime:0.0030s ]
SQL: SELECT `id`,`name`,`title`,`extra`,`value`,`remark`,`type` FROM `ding_config` WHERE `status` = 1 AND `group` = 1 ORDER BY sort  [ RunTime:0.0000s ]
INFO: [ view_parse ] --START--
INFO: [ template_filter ] --START--
INFO: Run Behavior\ContentReplaceBehavior [ RunTime:0.000000s ]
INFO: [ template_filter ] --END-- [ RunTime:0.000000s ]
INFO: Run Behavior\ParseTemplateBehavior [ RunTime:0.032002s ]
INFO: [ view_parse ] --END-- [ RunTime:0.032002s ]
INFO: [ view_filter ] --START--
INFO: Run Behavior\WriteHtmlCacheBehavior [ RunTime:0.000000s ]
INFO: [ view_filter ] --END-- [ RunTime:0.000000s ]
INFO: [ app_end ] --START--
INFO: Run Behavior\ShowPageTraceBehavior [ RunTime:0.001000s ]
INFO: [ app_end ] --END-- [ RunTime:0.001000s ]

[ 2015-03-01T08:38:23+08:00 ] 127.0.0.1 /ding/admin.php?s=/Addons/index.html
SQL: SHOW COLUMNS FROM `ding_menu` [ RunTime:0.0030s ]
SQL: SELECT `id`,`title`,`url` FROM `ding_menu` WHERE `pid` = 0 AND `hide` = 0 ORDER BY sort asc  [ RunTime:0.0010s ]
SQL: SELECT `pid` FROM `ding_menu` WHERE ( pid !=0 AND url like '%Addons/index%' ) LIMIT 1   [ RunTime:0.0000s ]
SQL: SELECT * FROM `ding_menu` WHERE `id` = 43 LIMIT 1   [ RunTime:0.0000s ]
SQL: SELECT DISTINCT  `group` FROM `ding_menu` WHERE `group` <> '' AND `pid` = 43  [ RunTime:0.0000s ]
SQL: SELECT `id`,`url` FROM `ding_menu` WHERE `pid` = 43 AND `hide` = 0  [ RunTime:0.0000s ]
SQL: SELECT `id`,`pid`,`title`,`url`,`tip` FROM `ding_menu` WHERE `group` = '扩展' AND `pid` = 43 AND `hide` = 0 ORDER BY sort asc  [ RunTime:0.0000s ]
SQL: SELECT `id`,`name`,`title`,`description`,`status`,`config`,`author`,`version`,`create_time`,`has_adminlist` FROM `ding_addons` WHERE `name` IN ('Attachment','Editor','EditorForAdmin','SiteStat','SocialComment','SystemInfo','kaifarenyuan')  [ RunTime:0.0000s ]
INFO: [ view_parse ] --START--
INFO: [ template_filter ] --START--
INFO: Run Behavior\ContentReplaceBehavior [ RunTime:0.000000s ]
INFO: [ template_filter ] --END-- [ RunTime:0.000000s ]
SQL: SHOW COLUMNS FROM `ding_addons` [ RunTime:0.0020s ]
SQL: SELECT `config` FROM `ding_addons` WHERE `name` = 'SocialComment' AND `status` = 1 LIMIT 1   [ RunTime:0.0000s ]
SQL: SELECT `config` FROM `ding_addons` WHERE `name` = 'kaifarenyuan' AND `status` = 1 LIMIT 1   [ RunTime:0.0000s ]
SQL: SELECT `config` FROM `ding_addons` WHERE `name` = 'Attachment' AND `status` = 1 LIMIT 1   [ RunTime:0.0000s ]
SQL: SELECT `config` FROM `ding_addons` WHERE `name` = 'Editor' AND `status` = 1 LIMIT 1   [ RunTime:0.0000s ]
SQL: SELECT `config` FROM `ding_addons` WHERE `name` = 'SiteStat' AND `status` = 1 LIMIT 1   [ RunTime:0.0000s ]
SQL: SELECT `config` FROM `ding_addons` WHERE `name` = 'SystemInfo' AND `status` = 1 LIMIT 1   [ RunTime:0.0000s ]
SQL: SELECT `config` FROM `ding_addons` WHERE `name` = 'EditorForAdmin' AND `status` = 1 LIMIT 1   [ RunTime:0.0000s ]
INFO: Run Behavior\ParseTemplateBehavior [ RunTime:0.041002s ]
INFO: [ view_parse ] --END-- [ RunTime:0.041002s ]
INFO: [ view_filter ] --START--
INFO: Run Behavior\WriteHtmlCacheBehavior [ RunTime:0.000000s ]
INFO: [ view_filter ] --END-- [ RunTime:0.001000s ]
INFO: [ app_end ] --START--
INFO: Run Behavior\ShowPageTraceBehavior [ RunTime:0.001000s ]
INFO: [ app_end ] --END-- [ RunTime:0.001000s ]

[ 2015-03-01T08:38:24+08:00 ] 127.0.0.1 /ding/admin.php?s=/Article/index.html
SQL: SHOW COLUMNS FROM `ding_menu` [ RunTime:0.0030s ]
SQL: SELECT `id`,`title`,`url` FROM `ding_menu` WHERE `pid` = 0 AND `hide` = 0 ORDER BY sort asc  [ RunTime:0.0000s ]
SQL: SELECT `pid` FROM `ding_menu` WHERE ( pid !=0 AND url like '%Article/index%' ) LIMIT 1   [ RunTime:0.0000s ]
SQL: SELECT * FROM `ding_menu` WHERE `id` = 2 LIMIT 1   [ RunTime:0.0000s ]
SQL: SELECT DISTINCT  `group` FROM `ding_menu` WHERE `group` <> '' AND `pid` = 2  [ RunTime:0.0000s ]
SQL: SELECT `id`,`url` FROM `ding_menu` WHERE `pid` = 2 AND `hide` = 0  [ RunTime:0.0000s ]
SQL: SELECT `id`,`pid`,`title`,`url`,`tip` FROM `ding_menu` WHERE `group` = '内容' AND `pid` = 2 AND `hide` = 0 ORDER BY sort asc  [ RunTime:0.0000s ]
SQL: SHOW COLUMNS FROM `ding_auth_group_access` [ RunTime:0.0020s ]
SQL: SELECT `extend_id` FROM ding_auth_group_access g INNER JOIN ding_auth_extend c on g.group_id=c.group_id  WHERE ( g.uid='1' and c.type='1' and !isnull(extend_id) )  [ RunTime:0.0000s ]
SQL: SHOW COLUMNS FROM `ding_category` [ RunTime:0.0030s ]
SQL: SELECT `id`,`title`,`pid`,`allow_publish` FROM `ding_category` WHERE `status` = 1 ORDER BY pid,sort  [ RunTime:0.0000s ]
SQL: SHOW COLUMNS FROM `ding_model` [ RunTime:0.0030s ]
SQL: SELECT * FROM `ding_model` WHERE `name` = 'document' LIMIT 1   [ RunTime:0.0010s ]
SQL: SHOW COLUMNS FROM `ding_document` [ RunTime:0.0020s ]
SQL: SELECT COUNT(*) AS tp_count FROM ding_document DOCUMENT WHERE `status` IN ('0','1','2') AND `pid` = 0 LIMIT 1   [ RunTime:0.0000s ]
SQL: SELECT `id`,`title`,`type`,`update_time`,`status`,`view`,`category_id`,`model_id`,`pid` FROM ding_document DOCUMENT WHERE `status` IN ('0','1','2') AND `pid` = 0 ORDER BY level DESC,DOCUMENT.id DESC LIMIT 0,10   [ RunTime:0.0000s ]
SQL: SELECT `extend` FROM `ding_model` WHERE `id` = 1 LIMIT 1   [ RunTime:0.0010s ]
SQL: SHOW COLUMNS FROM `ding_attribute` [ RunTime:0.0020s ]
SQL: SELECT `id`,`name`,`type`,`extra` FROM `ding_attribute` WHERE `model_id` = 1  [ RunTime:0.0000s ]
NOTIC: [8] Undefined variable: groups D:\wwwroot\ding\Application\Admin\Controller\ArticleController.class.php 第 231 行.
INFO: [ view_parse ] --START--
INFO: [ template_filter ] --START--
INFO: Run Behavior\ContentReplaceBehavior [ RunTime:0.000000s ]
INFO: [ template_filter ] --END-- [ RunTime:0.001000s ]
INFO: Run Behavior\ParseTemplateBehavior [ RunTime:0.062004s ]
INFO: [ view_parse ] --END-- [ RunTime:0.062004s ]
INFO: [ view_filter ] --START--
INFO: Run Behavior\WriteHtmlCacheBehavior [ RunTime:0.001000s ]
INFO: [ view_filter ] --END-- [ RunTime:0.001000s ]
INFO: [ app_end ] --START--
INFO: Run Behavior\ShowPageTraceBehavior [ RunTime:0.001000s ]
INFO: [ app_end ] --END-- [ RunTime:0.001000s ]

[ 2015-03-01T08:38:24+08:00 ] 127.0.0.1 /ding/admin.php?s=/Index/index.html
SQL: SHOW COLUMNS FROM `ding_menu` [ RunTime:0.0040s ]
SQL: SELECT `id`,`title`,`url` FROM `ding_menu` WHERE `pid` = 0 AND `hide` = 0 ORDER BY sort asc  [ RunTime:0.0010s ]
SQL: SELECT `pid` FROM `ding_menu` WHERE ( pid !=0 AND url like '%Index/index%' ) LIMIT 1   [ RunTime:0.0010s ]
INFO: [ view_parse ] --START--
INFO: [ template_filter ] --START--
INFO: Run Behavior\ContentReplaceBehavior [ RunTime:0.000000s ]
INFO: [ template_filter ] --END-- [ RunTime:0.001000s ]
INFO: [ AdminIndex ] --START--
SQL: SHOW COLUMNS FROM `ding_addons` [ RunTime:0.0020s ]
SQL: SELECT `config` FROM `ding_addons` WHERE `name` = 'SiteStat' AND `status` = 1 LIMIT 1   [ RunTime:0.0000s ]
SQL: SHOW COLUMNS FROM `ding_member` [ RunTime:0.0020s ]
SQL: SELECT COUNT(*) AS tp_count FROM `ding_member` LIMIT 1   [ RunTime:0.0000s ]
SQL: SHOW COLUMNS FROM `ding_action_log` [ RunTime:0.0020s ]
SQL: SELECT COUNT(*) AS tp_count FROM `ding_action_log` LIMIT 1   [ RunTime:0.0000s ]
SQL: SHOW COLUMNS FROM `ding_document` [ RunTime:0.0020s ]
SQL: SELECT COUNT(*) AS tp_count FROM `ding_document` LIMIT 1   [ RunTime:0.0000s ]
SQL: SHOW COLUMNS FROM `ding_category` [ RunTime:0.0030s ]
SQL: SELECT COUNT(*) AS tp_count FROM `ding_category` LIMIT 1   [ RunTime:0.0000s ]
SQL: SHOW COLUMNS FROM `ding_model` [ RunTime:0.0020s ]
SQL: SELECT COUNT(*) AS tp_count FROM `ding_model` LIMIT 1   [ RunTime:0.0000s ]
INFO: [ view_parse ] --START--
INFO: [ template_filter ] --START--
INFO: Run Behavior\ContentReplaceBehavior [ RunTime:0.000000s ]
INFO: [ template_filter ] --END-- [ RunTime:-0.032002s ]
INFO: Run Behavior\ParseTemplateBehavior [ RunTime:0.003000s ]
INFO: [ view_parse ] --END-- [ RunTime:0.003000s ]
INFO: [ view_filter ] --START--
INFO: Run Behavior\WriteHtmlCacheBehavior [ RunTime:0.001000s ]
INFO: [ view_filter ] --END-- [ RunTime:0.001000s ]
INFO: Run Addons\SiteStat\SiteStatAddon [ RunTime:0.027001s ]
SQL: SELECT `config` FROM `ding_addons` WHERE `name` = 'SystemInfo' AND `status` = 1 LIMIT 1   [ RunTime:0.0000s ]
INFO: [ view_parse ] --START--
INFO: [ template_filter ] --START--
INFO: Run Behavior\ContentReplaceBehavior [ RunTime:0.000000s ]
INFO: [ template_filter ] --END-- [ RunTime:-0.038003s ]
SQL: select version() as v; [ RunTime:0.0000s ]
INFO: Run Behavior\ParseTemplateBehavior [ RunTime:0.004001s ]
INFO: [ view_parse ] --END-- [ RunTime:-0.003000s ]
INFO: [ view_filter ] --START--
INFO: Run Behavior\WriteHtmlCacheBehavior [ RunTime:0.000000s ]
INFO: [ view_filter ] --END-- [ RunTime:-0.006001s ]
INFO: Run Addons\SystemInfo\SystemInfoAddon [ RunTime:0.006001s ]
INFO: [ view_parse ] --START--
INFO: [ template_filter ] --START--
INFO: Run Behavior\ContentReplaceBehavior [ RunTime:0.000000s ]
INFO: [ template_filter ] --END-- [ RunTime:-0.043003s ]
INFO: Run Behavior\ParseTemplateBehavior [ RunTime:0.003000s ]
INFO: [ view_parse ] --END-- [ RunTime:-0.008001s ]
INFO: [ view_filter ] --START--
INFO: Run Behavior\WriteHtmlCacheBehavior [ RunTime:0.000000s ]
INFO: [ view_filter ] --END-- [ RunTime:-0.010001s ]
INFO: Run Addons\kaifarenyuan\kaifarenyuanAddon [ RunTime:0.003000s ]
INFO: [ AdminIndex ] --END-- [ RunTime:0.037002s ]
INFO: Run Behavior\ParseTemplateBehavior [ RunTime:0.004000s ]
INFO: [ view_parse ] --END-- [ RunTime:-0.008001s ]
INFO: [ view_filter ] --START--
INFO: Run Behavior\WriteHtmlCacheBehavior [ RunTime:0.000000s ]
INFO: [ view_filter ] --END-- [ RunTime:-0.011001s ]
INFO: [ app_end ] --START--
INFO: Run Behavior\ShowPageTraceBehavior [ RunTime:0.001000s ]
INFO: [ app_end ] --END-- [ RunTime:0.001000s ]

[ 2015-03-01T08:38:29+08:00 ] 127.0.0.1 /ding/admin.php?s=/Addons/index.html
SQL: SHOW COLUMNS FROM `ding_menu` [ RunTime:0.0020s ]
SQL: SELECT `id`,`title`,`url` FROM `ding_menu` WHERE `pid` = 0 AND `hide` = 0 ORDER BY sort asc  [ RunTime:0.0000s ]
SQL: SELECT `pid` FROM `ding_menu` WHERE ( pid !=0 AND url like '%Addons/index%' ) LIMIT 1   [ RunTime:0.0000s ]
SQL: SELECT * FROM `ding_menu` WHERE `id` = 43 LIMIT 1   [ RunTime:0.0000s ]
SQL: SELECT DISTINCT  `group` FROM `ding_menu` WHERE `group` <> '' AND `pid` = 43  [ RunTime:0.0010s ]
SQL: SELECT `id`,`url` FROM `ding_menu` WHERE `pid` = 43 AND `hide` = 0  [ RunTime:0.0000s ]
SQL: SELECT `id`,`pid`,`title`,`url`,`tip` FROM `ding_menu` WHERE `group` = '扩展' AND `pid` = 43 AND `hide` = 0 ORDER BY sort asc  [ RunTime:0.0000s ]
SQL: SELECT `id`,`name`,`title`,`description`,`status`,`config`,`author`,`version`,`create_time`,`has_adminlist` FROM `ding_addons` WHERE `name` IN ('Attachment','Editor','EditorForAdmin','SiteStat','SocialComment','SystemInfo','kaifarenyuan')  [ RunTime:0.0010s ]
INFO: [ view_parse ] --START--
INFO: [ template_filter ] --START--
INFO: Run Behavior\ContentReplaceBehavior [ RunTime:0.000000s ]
INFO: [ template_filter ] --END-- [ RunTime:0.000000s ]
SQL: SHOW COLUMNS FROM `ding_addons` [ RunTime:0.0030s ]
SQL: SELECT `config` FROM `ding_addons` WHERE `name` = 'SocialComment' AND `status` = 1 LIMIT 1   [ RunTime:0.0010s ]
SQL: SELECT `config` FROM `ding_addons` WHERE `name` = 'kaifarenyuan' AND `status` = 1 LIMIT 1   [ RunTime:0.0010s ]
SQL: SELECT `config` FROM `ding_addons` WHERE `name` = 'Attachment' AND `status` = 1 LIMIT 1   [ RunTime:0.0010s ]
SQL: SELECT `config` FROM `ding_addons` WHERE `name` = 'Editor' AND `status` = 1 LIMIT 1   [ RunTime:0.0000s ]
SQL: SELECT `config` FROM `ding_addons` WHERE `name` = 'SiteStat' AND `status` = 1 LIMIT 1   [ RunTime:0.0000s ]
SQL: SELECT `config` FROM `ding_addons` WHERE `name` = 'SystemInfo' AND `status` = 1 LIMIT 1   [ RunTime:0.0000s ]
SQL: SELECT `config` FROM `ding_addons` WHERE `name` = 'EditorForAdmin' AND `status` = 1 LIMIT 1   [ RunTime:0.0000s ]
INFO: Run Behavior\ParseTemplateBehavior [ RunTime:0.041003s ]
INFO: [ view_parse ] --END-- [ RunTime:0.041003s ]
INFO: [ view_filter ] --START--
INFO: Run Behavior\WriteHtmlCacheBehavior [ RunTime:0.001000s ]
INFO: [ view_filter ] --END-- [ RunTime:0.001000s ]
INFO: [ app_end ] --START--
INFO: Run Behavior\ShowPageTraceBehavior [ RunTime:0.000000s ]
INFO: [ app_end ] --END-- [ RunTime:0.001000s ]

[ 2015-03-01T08:38:30+08:00 ] 127.0.0.1 /ding/admin.php?s=/Article/index.html
SQL: SHOW COLUMNS FROM `ding_menu` [ RunTime:0.0030s ]
SQL: SELECT `id`,`title`,`url` FROM `ding_menu` WHERE `pid` = 0 AND `hide` = 0 ORDER BY sort asc  [ RunTime:0.0000s ]
SQL: SELECT `pid` FROM `ding_menu` WHERE ( pid !=0 AND url like '%Article/index%' ) LIMIT 1   [ RunTime:0.0000s ]
SQL: SELECT * FROM `ding_menu` WHERE `id` = 2 LIMIT 1   [ RunTime:0.0000s ]
SQL: SELECT DISTINCT  `group` FROM `ding_menu` WHERE `group` <> '' AND `pid` = 2  [ RunTime:0.0000s ]
SQL: SELECT `id`,`url` FROM `ding_menu` WHERE `pid` = 2 AND `hide` = 0  [ RunTime:0.0000s ]
SQL: SELECT `id`,`pid`,`title`,`url`,`tip` FROM `ding_menu` WHERE `group` = '内容' AND `pid` = 2 AND `hide` = 0 ORDER BY sort asc  [ RunTime:0.0000s ]
SQL: SHOW COLUMNS FROM `ding_auth_group_access` [ RunTime:0.0030s ]
SQL: SELECT `extend_id` FROM ding_auth_group_access g INNER JOIN ding_auth_extend c on g.group_id=c.group_id  WHERE ( g.uid='1' and c.type='1' and !isnull(extend_id) )  [ RunTime:0.0000s ]
SQL: SHOW COLUMNS FROM `ding_category` [ RunTime:0.0030s ]
SQL: SELECT `id`,`title`,`pid`,`allow_publish` FROM `ding_category` WHERE `status` = 1 ORDER BY pid,sort  [ RunTime:0.0000s ]
SQL: SHOW COLUMNS FROM `ding_model` [ RunTime:0.0030s ]
SQL: SELECT * FROM `ding_model` WHERE `name` = 'document' LIMIT 1   [ RunTime:0.0000s ]
SQL: SHOW COLUMNS FROM `ding_document` [ RunTime:0.0040s ]
SQL: SELECT COUNT(*) AS tp_count FROM ding_document DOCUMENT WHERE `status` IN ('0','1','2') AND `pid` = 0 LIMIT 1   [ RunTime:0.0010s ]
SQL: SELECT `id`,`title`,`type`,`update_time`,`status`,`view`,`category_id`,`model_id`,`pid` FROM ding_document DOCUMENT WHERE `status` IN ('0','1','2') AND `pid` = 0 ORDER BY level DESC,DOCUMENT.id DESC LIMIT 0,10   [ RunTime:0.0000s ]
SQL: SELECT `extend` FROM `ding_model` WHERE `id` = 1 LIMIT 1   [ RunTime:0.0000s ]
SQL: SHOW COLUMNS FROM `ding_attribute` [ RunTime:0.0040s ]
SQL: SELECT `id`,`name`,`type`,`extra` FROM `ding_attribute` WHERE `model_id` = 1  [ RunTime:0.0000s ]
NOTIC: [8] Undefined variable: groups D:\wwwroot\ding\Application\Admin\Controller\ArticleController.class.php 第 231 行.
INFO: [ view_parse ] --START--
INFO: [ template_filter ] --START--
INFO: Run Behavior\ContentReplaceBehavior [ RunTime:0.000000s ]
INFO: [ template_filter ] --END-- [ RunTime:0.001000s ]
INFO: Run Behavior\ParseTemplateBehavior [ RunTime:0.068004s ]
INFO: [ view_parse ] --END-- [ RunTime:0.069004s ]
INFO: [ view_filter ] --START--
INFO: Run Behavior\WriteHtmlCacheBehavior [ RunTime:0.000000s ]
INFO: [ view_filter ] --END-- [ RunTime:0.000000s ]
INFO: [ app_end ] --START--
INFO: Run Behavior\ShowPageTraceBehavior [ RunTime:0.000000s ]
INFO: [ app_end ] --END-- [ RunTime:0.001000s ]

[ 2015-03-01T08:38:30+08:00 ] 127.0.0.1 /ding/admin.php?s=/Index/index.html
SQL: SHOW COLUMNS FROM `ding_menu` [ RunTime:0.0040s ]
SQL: SELECT `id`,`title`,`url` FROM `ding_menu` WHERE `pid` = 0 AND `hide` = 0 ORDER BY sort asc  [ RunTime:0.0010s ]
SQL: SELECT `pid` FROM `ding_menu` WHERE ( pid !=0 AND url like '%Index/index%' ) LIMIT 1   [ RunTime:0.0010s ]
INFO: [ view_parse ] --START--
INFO: [ template_filter ] --START--
INFO: Run Behavior\ContentReplaceBehavior [ RunTime:0.001000s ]
INFO: [ template_filter ] --END-- [ RunTime:0.001000s ]
INFO: [ AdminIndex ] --START--
SQL: SHOW COLUMNS FROM `ding_addons` [ RunTime:0.0040s ]
SQL: SELECT `config` FROM `ding_addons` WHERE `name` = 'SiteStat' AND `status` = 1 LIMIT 1   [ RunTime:0.0010s ]
SQL: SHOW COLUMNS FROM `ding_member` [ RunTime:0.0040s ]
SQL: SELECT COUNT(*) AS tp_count FROM `ding_member` LIMIT 1   [ RunTime:0.0000s ]
SQL: SHOW COLUMNS FROM `ding_action_log` [ RunTime:0.0040s ]
SQL: SELECT COUNT(*) AS tp_count FROM `ding_action_log` LIMIT 1   [ RunTime:0.0000s ]
SQL: SHOW COLUMNS FROM `ding_document` [ RunTime:0.0040s ]
SQL: SELECT COUNT(*) AS tp_count FROM `ding_document` LIMIT 1   [ RunTime:0.0000s ]
SQL: SHOW COLUMNS FROM `ding_category` [ RunTime:0.0030s ]
SQL: SELECT COUNT(*) AS tp_count FROM `ding_category` LIMIT 1   [ RunTime:0.0000s ]
SQL: SHOW COLUMNS FROM `ding_model` [ RunTime:0.0020s ]
SQL: SELECT COUNT(*) AS tp_count FROM `ding_model` LIMIT 1   [ RunTime:0.0000s ]
INFO: [ view_parse ] --START--
INFO: [ template_filter ] --START--
INFO: Run Behavior\ContentReplaceBehavior [ RunTime:0.000000s ]
INFO: [ template_filter ] --END-- [ RunTime:-0.044003s ]
INFO: Run Behavior\ParseTemplateBehavior [ RunTime:0.003001s ]
INFO: [ view_parse ] --END-- [ RunTime:0.003001s ]
INFO: [ view_filter ] --START--
INFO: Run Behavior\WriteHtmlCacheBehavior [ RunTime:0.001000s ]
INFO: [ view_filter ] --END-- [ RunTime:0.001000s ]
INFO: Run Addons\SiteStat\SiteStatAddon [ RunTime:0.038003s ]
SQL: SELECT `config` FROM `ding_addons` WHERE `name` = 'SystemInfo' AND `status` = 1 LIMIT 1   [ RunTime:0.0000s ]
INFO: [ view_parse ] --START--
INFO: [ template_filter ] --START--
INFO: Run Behavior\ContentReplaceBehavior [ RunTime:0.001000s ]
INFO: [ template_filter ] --END-- [ RunTime:-0.049003s ]
SQL: select version() as v; [ RunTime:0.0000s ]
INFO: Run Behavior\ParseTemplateBehavior [ RunTime:0.004000s ]
INFO: [ view_parse ] --END-- [ RunTime:-0.002000s ]
INFO: [ view_filter ] --START--
INFO: Run Behavior\WriteHtmlCacheBehavior [ RunTime:0.000000s ]
INFO: [ view_filter ] --END-- [ RunTime:-0.006000s ]
INFO: Run Addons\SystemInfo\SystemInfoAddon [ RunTime:0.006000s ]
INFO: [ view_parse ] --START--
INFO: [ template_filter ] --START--
INFO: Run Behavior\ContentReplaceBehavior [ RunTime:0.000000s ]
INFO: [ template_filter ] --END-- [ RunTime:-0.054003s ]
INFO: Run Behavior\ParseTemplateBehavior [ RunTime:0.002000s ]
INFO: [ view_parse ] --END-- [ RunTime:-0.008000s ]
INFO: [ view_filter ] --START--
INFO: Run Behavior\WriteHtmlCacheBehavior [ RunTime:0.000000s ]
INFO: [ view_filter ] --END-- [ RunTime:-0.010000s ]
INFO: Run Addons\kaifarenyuan\kaifarenyuanAddon [ RunTime:0.004000s ]
INFO: [ AdminIndex ] --END-- [ RunTime:0.048003s ]
INFO: Run Behavior\ParseTemplateBehavior [ RunTime:0.003000s ]
INFO: [ view_parse ] --END-- [ RunTime:-0.008000s ]
INFO: [ view_filter ] --START--
INFO: Run Behavior\WriteHtmlCacheBehavior [ RunTime:0.000000s ]
INFO: [ view_filter ] --END-- [ RunTime:-0.010000s ]
INFO: [ app_end ] --START--
INFO: Run Behavior\ShowPageTraceBehavior [ RunTime:0.000000s ]
INFO: [ app_end ] --END-- [ RunTime:0.000000s ]

[ 2015-03-01T08:38:31+08:00 ] 127.0.0.1 /ding/admin.php?s=/Article/index.html
SQL: SHOW COLUMNS FROM `ding_menu` [ RunTime:0.0040s ]
SQL: SELECT `id`,`title`,`url` FROM `ding_menu` WHERE `pid` = 0 AND `hide` = 0 ORDER BY sort asc  [ RunTime:0.0000s ]
SQL: SELECT `pid` FROM `ding_menu` WHERE ( pid !=0 AND url like '%Article/index%' ) LIMIT 1   [ RunTime:0.0000s ]
SQL: SELECT * FROM `ding_menu` WHERE `id` = 2 LIMIT 1   [ RunTime:0.0000s ]
SQL: SELECT DISTINCT  `group` FROM `ding_menu` WHERE `group` <> '' AND `pid` = 2  [ RunTime:0.0000s ]
SQL: SELECT `id`,`url` FROM `ding_menu` WHERE `pid` = 2 AND `hide` = 0  [ RunTime:0.0000s ]
SQL: SELECT `id`,`pid`,`title`,`url`,`tip` FROM `ding_menu` WHERE `group` = '内容' AND `pid` = 2 AND `hide` = 0 ORDER BY sort asc  [ RunTime:0.0010s ]
SQL: SHOW COLUMNS FROM `ding_auth_group_access` [ RunTime:0.0020s ]
SQL: SELECT `extend_id` FROM ding_auth_group_access g INNER JOIN ding_auth_extend c on g.group_id=c.group_id  WHERE ( g.uid='1' and c.type='1' and !isnull(extend_id) )  [ RunTime:0.0000s ]
SQL: SHOW COLUMNS FROM `ding_category` [ RunTime:0.0020s ]
SQL: SELECT `id`,`title`,`pid`,`allow_publish` FROM `ding_category` WHERE `status` = 1 ORDER BY pid,sort  [ RunTime:0.0000s ]
SQL: SHOW COLUMNS FROM `ding_model` [ RunTime:0.0020s ]
SQL: SELECT * FROM `ding_model` WHERE `name` = 'document' LIMIT 1   [ RunTime:0.0000s ]
SQL: SHOW COLUMNS FROM `ding_document` [ RunTime:0.0030s ]
SQL: SELECT COUNT(*) AS tp_count FROM ding_document DOCUMENT WHERE `status` IN ('0','1','2') AND `pid` = 0 LIMIT 1   [ RunTime:0.0000s ]
SQL: SELECT `id`,`title`,`type`,`update_time`,`status`,`view`,`category_id`,`model_id`,`pid` FROM ding_document DOCUMENT WHERE `status` IN ('0','1','2') AND `pid` = 0 ORDER BY level DESC,DOCUMENT.id DESC LIMIT 0,10   [ RunTime:0.0000s ]
SQL: SELECT `extend` FROM `ding_model` WHERE `id` = 1 LIMIT 1   [ RunTime:0.0000s ]
SQL: SHOW COLUMNS FROM `ding_attribute` [ RunTime:0.0020s ]
SQL: SELECT `id`,`name`,`type`,`extra` FROM `ding_attribute` WHERE `model_id` = 1  [ RunTime:0.0000s ]
NOTIC: [8] Undefined variable: groups D:\wwwroot\ding\Application\Admin\Controller\ArticleController.class.php 第 231 行.
INFO: [ view_parse ] --START--
INFO: [ template_filter ] --START--
INFO: Run Behavior\ContentReplaceBehavior [ RunTime:0.001000s ]
INFO: [ template_filter ] --END-- [ RunTime:0.001000s ]
INFO: Run Behavior\ParseTemplateBehavior [ RunTime:0.063004s ]
INFO: [ view_parse ] --END-- [ RunTime:0.063004s ]
INFO: [ view_filter ] --START--
INFO: Run Behavior\WriteHtmlCacheBehavior [ RunTime:0.000000s ]
INFO: [ view_filter ] --END-- [ RunTime:0.000000s ]
INFO: [ app_end ] --START--
INFO: Run Behavior\ShowPageTraceBehavior [ RunTime:0.000000s ]
INFO: [ app_end ] --END-- [ RunTime:0.000000s ]

[ 2015-03-01T08:38:37+08:00 ] 127.0.0.1 /ding/admin.php?s=/Index/index.html
SQL: SHOW COLUMNS FROM `ding_menu` [ RunTime:0.0020s ]
SQL: SELECT `id`,`title`,`url` FROM `ding_menu` WHERE `pid` = 0 AND `hide` = 0 ORDER BY sort asc  [ RunTime:0.0010s ]
SQL: SELECT `pid` FROM `ding_menu` WHERE ( pid !=0 AND url like '%Index/index%' ) LIMIT 1   [ RunTime:0.0010s ]
INFO: [ view_parse ] --START--
INFO: [ template_filter ] --START--
INFO: Run Behavior\ContentReplaceBehavior [ RunTime:0.000000s ]
INFO: [ template_filter ] --END-- [ RunTime:0.001001s ]
INFO: [ AdminIndex ] --START--
SQL: SHOW COLUMNS FROM `ding_addons` [ RunTime:0.0020s ]
SQL: SELECT `config` FROM `ding_addons` WHERE `name` = 'SiteStat' AND `status` = 1 LIMIT 1   [ RunTime:0.0000s ]
SQL: SHOW COLUMNS FROM `ding_member` [ RunTime:0.0020s ]
SQL: SELECT COUNT(*) AS tp_count FROM `ding_member` LIMIT 1   [ RunTime:0.0000s ]
SQL: SHOW COLUMNS FROM `ding_action_log` [ RunTime:0.0020s ]
SQL: SELECT COUNT(*) AS tp_count FROM `ding_action_log` LIMIT 1   [ RunTime:0.0010s ]
SQL: SHOW COLUMNS FROM `ding_document` [ RunTime:0.0020s ]
SQL: SELECT COUNT(*) AS tp_count FROM `ding_document` LIMIT 1   [ RunTime:0.0010s ]
SQL: SHOW COLUMNS FROM `ding_category` [ RunTime:0.0020s ]
SQL: SELECT COUNT(*) AS tp_count FROM `ding_category` LIMIT 1   [ RunTime:0.0000s ]
SQL: SHOW COLUMNS FROM `ding_model` [ RunTime:0.0030s ]
SQL: SELECT COUNT(*) AS tp_count FROM `ding_model` LIMIT 1   [ RunTime:0.0000s ]
INFO: [ view_parse ] --START--
INFO: [ template_filter ] --START--
INFO: Run Behavior\ContentReplaceBehavior [ RunTime:0.000000s ]
INFO: [ template_filter ] --END-- [ RunTime:-0.028001s ]
INFO: Run Behavior\ParseTemplateBehavior [ RunTime:0.003000s ]
INFO: [ view_parse ] --END-- [ RunTime:0.003000s ]
INFO: [ view_filter ] --START--
INFO: Run Behavior\WriteHtmlCacheBehavior [ RunTime:0.001000s ]
INFO: [ view_filter ] --END-- [ RunTime:0.001000s ]
INFO: Run Addons\SiteStat\SiteStatAddon [ RunTime:0.025001s ]
SQL: SELECT `config` FROM `ding_addons` WHERE `name` = 'SystemInfo' AND `status` = 1 LIMIT 1   [ RunTime:0.0000s ]
INFO: [ view_parse ] --START--
INFO: [ template_filter ] --START--
INFO: Run Behavior\ContentReplaceBehavior [ RunTime:0.001000s ]
INFO: [ template_filter ] --END-- [ RunTime:-0.033001s ]
SQL: select version() as v; [ RunTime:0.0000s ]
INFO: Run Behavior\ParseTemplateBehavior [ RunTime:0.003001s ]
INFO: [ view_parse ] --END-- [ RunTime:-0.003000s ]
INFO: [ view_filter ] --START--
INFO: Run Behavior\WriteHtmlCacheBehavior [ RunTime:0.000000s ]
INFO: [ view_filter ] --END-- [ RunTime:-0.005001s ]
INFO: Run Addons\SystemInfo\SystemInfoAddon [ RunTime:0.006001s ]
INFO: [ view_parse ] --START--
INFO: [ template_filter ] --START--
INFO: Run Behavior\ContentReplaceBehavior [ RunTime:0.000000s ]
INFO: [ template_filter ] --END-- [ RunTime:-0.038002s ]
INFO: Run Behavior\ParseTemplateBehavior [ RunTime:0.003000s ]
INFO: [ view_parse ] --END-- [ RunTime:-0.007001s ]
INFO: [ view_filter ] --START--
INFO: Run Behavior\WriteHtmlCacheBehavior [ RunTime:0.000000s ]
INFO: [ view_filter ] --END-- [ RunTime:-0.009001s ]
INFO: Run Addons\kaifarenyuan\kaifarenyuanAddon [ RunTime:0.003000s ]
INFO: [ AdminIndex ] --END-- [ RunTime:0.034002s ]
INFO: Run Behavior\ParseTemplateBehavior [ RunTime:0.003000s ]
INFO: [ view_parse ] --END-- [ RunTime:-0.007001s ]
INFO: [ view_filter ] --START--
INFO: Run Behavior\WriteHtmlCacheBehavior [ RunTime:0.000000s ]
INFO: [ view_filter ] --END-- [ RunTime:-0.010001s ]
INFO: [ app_end ] --START--
INFO: Run Behavior\ShowPageTraceBehavior [ RunTime:0.001000s ]
INFO: [ app_end ] --END-- [ RunTime:0.001000s ]

[ 2015-03-01T08:38:49+08:00 ] 127.0.0.1 /ding/admin.php?s=/Config/group.html
SQL: SHOW COLUMNS FROM `ding_menu` [ RunTime:0.0020s ]
SQL: SELECT `id`,`title`,`url` FROM `ding_menu` WHERE `pid` = 0 AND `hide` = 0 ORDER BY sort asc  [ RunTime:0.0010s ]
SQL: SELECT `pid` FROM `ding_menu` WHERE ( pid !=0 AND url like '%Config/group%' ) LIMIT 1   [ RunTime:0.0010s ]
SQL: SELECT * FROM `ding_menu` WHERE `id` = 68 LIMIT 1   [ RunTime:0.0000s ]
SQL: SELECT DISTINCT  `group` FROM `ding_menu` WHERE `group` <> '' AND `pid` = 68  [ RunTime:0.0000s ]
SQL: SELECT `id`,`url` FROM `ding_menu` WHERE `pid` = 68 AND `hide` = 0  [ RunTime:0.0000s ]
SQL: SELECT `id`,`pid`,`title`,`url`,`tip` FROM `ding_menu` WHERE `group` = '系统设置' AND `pid` = 68 AND `hide` = 0 ORDER BY sort asc  [ RunTime:0.0000s ]
SQL: SELECT `id`,`pid`,`title`,`url`,`tip` FROM `ding_menu` WHERE `group` = '数据备份' AND `pid` = 68 AND `hide` = 0 ORDER BY sort asc  [ RunTime:0.0000s ]
SQL: SHOW COLUMNS FROM `ding_config` [ RunTime:0.0030s ]
SQL: SELECT `id`,`name`,`title`,`extra`,`value`,`remark`,`type` FROM `ding_config` WHERE `status` = 1 AND `group` = 1 ORDER BY sort  [ RunTime:0.0000s ]
INFO: [ view_parse ] --START--
INFO: [ template_filter ] --START--
INFO: Run Behavior\ContentReplaceBehavior [ RunTime:0.001000s ]
INFO: [ template_filter ] --END-- [ RunTime:0.001000s ]
INFO: Run Behavior\ParseTemplateBehavior [ RunTime:0.030002s ]
INFO: [ view_parse ] --END-- [ RunTime:0.030002s ]
INFO: [ view_filter ] --START--
INFO: Run Behavior\WriteHtmlCacheBehavior [ RunTime:0.000000s ]
INFO: [ view_filter ] --END-- [ RunTime:0.000000s ]
INFO: [ app_end ] --START--
INFO: Run Behavior\ShowPageTraceBehavior [ RunTime:0.000000s ]
INFO: [ app_end ] --END-- [ RunTime:0.000000s ]

[ 2015-03-01T08:38:49+08:00 ] 127.0.0.1 /ding/admin.php?s=/Addons/index.html
SQL: SHOW COLUMNS FROM `ding_menu` [ RunTime:0.0020s ]
SQL: SELECT `id`,`title`,`url` FROM `ding_menu` WHERE `pid` = 0 AND `hide` = 0 ORDER BY sort asc  [ RunTime:0.0000s ]
SQL: SELECT `pid` FROM `ding_menu` WHERE ( pid !=0 AND url like '%Addons/index%' ) LIMIT 1   [ RunTime:0.0000s ]
SQL: SELECT * FROM `ding_menu` WHERE `id` = 43 LIMIT 1   [ RunTime:0.0000s ]
SQL: SELECT DISTINCT  `group` FROM `ding_menu` WHERE `group` <> '' AND `pid` = 43  [ RunTime:0.0010s ]
SQL: SELECT `id`,`url` FROM `ding_menu` WHERE `pid` = 43 AND `hide` = 0  [ RunTime:0.0000s ]
SQL: SELECT `id`,`pid`,`title`,`url`,`tip` FROM `ding_menu` WHERE `group` = '扩展' AND `pid` = 43 AND `hide` = 0 ORDER BY sort asc  [ RunTime:0.0000s ]
SQL: SELECT `id`,`name`,`title`,`description`,`status`,`config`,`author`,`version`,`create_time`,`has_adminlist` FROM `ding_addons` WHERE `name` IN ('Attachment','Editor','EditorForAdmin','SiteStat','SocialComment','SystemInfo','kaifarenyuan')  [ RunTime:0.0010s ]
INFO: [ view_parse ] --START--
INFO: [ template_filter ] --START--
INFO: Run Behavior\ContentReplaceBehavior [ RunTime:0.000000s ]
INFO: [ template_filter ] --END-- [ RunTime:0.000000s ]
SQL: SHOW COLUMNS FROM `ding_addons` [ RunTime:0.0030s ]
SQL: SELECT `config` FROM `ding_addons` WHERE `name` = 'SocialComment' AND `status` = 1 LIMIT 1   [ RunTime:0.0000s ]
SQL: SELECT `config` FROM `ding_addons` WHERE `name` = 'kaifarenyuan' AND `status` = 1 LIMIT 1   [ RunTime:0.0000s ]
SQL: SELECT `config` FROM `ding_addons` WHERE `name` = 'Attachment' AND `status` = 1 LIMIT 1   [ RunTime:0.0000s ]
SQL: SELECT `config` FROM `ding_addons` WHERE `name` = 'Editor' AND `status` = 1 LIMIT 1   [ RunTime:0.0000s ]
SQL: SELECT `config` FROM `ding_addons` WHERE `name` = 'SiteStat' AND `status` = 1 LIMIT 1   [ RunTime:0.0000s ]
SQL: SELECT `config` FROM `ding_addons` WHERE `name` = 'SystemInfo' AND `status` = 1 LIMIT 1   [ RunTime:0.0000s ]
SQL: SELECT `config` FROM `ding_addons` WHERE `name` = 'EditorForAdmin' AND `status` = 1 LIMIT 1   [ RunTime:0.0000s ]
INFO: Run Behavior\ParseTemplateBehavior [ RunTime:0.043002s ]
INFO: [ view_parse ] --END-- [ RunTime:0.043002s ]
INFO: [ view_filter ] --START--
INFO: Run Behavior\WriteHtmlCacheBehavior [ RunTime:0.001000s ]
INFO: [ view_filter ] --END-- [ RunTime:0.001000s ]
INFO: [ app_end ] --START--
INFO: Run Behavior\ShowPageTraceBehavior [ RunTime:0.001000s ]
INFO: [ app_end ] --END-- [ RunTime:0.001000s ]

[ 2015-03-01T08:38:50+08:00 ] 127.0.0.1 /ding/admin.php?s=/Addons/hooks.html
SQL: SHOW COLUMNS FROM `ding_menu` [ RunTime:0.0040s ]
SQL: SELECT `id`,`title`,`url` FROM `ding_menu` WHERE `pid` = 0 AND `hide` = 0 ORDER BY sort asc  [ RunTime:0.0000s ]
SQL: SELECT `pid` FROM `ding_menu` WHERE ( pid !=0 AND url like '%Addons/hooks%' ) LIMIT 1   [ RunTime:0.0010s ]
SQL: SELECT * FROM `ding_menu` WHERE `id` = 43 LIMIT 1   [ RunTime:0.0010s ]
SQL: SELECT DISTINCT  `group` FROM `ding_menu` WHERE `group` <> '' AND `pid` = 43  [ RunTime:0.0000s ]
SQL: SELECT `id`,`url` FROM `ding_menu` WHERE `pid` = 43 AND `hide` = 0  [ RunTime:0.0000s ]
SQL: SELECT `id`,`pid`,`title`,`url`,`tip` FROM `ding_menu` WHERE `group` = '扩展' AND `pid` = 43 AND `hide` = 0 ORDER BY sort asc  [ RunTime:0.0000s ]
SQL: SHOW COLUMNS FROM `ding_hooks` [ RunTime:0.0040s ]
SQL: SELECT COUNT(*) AS tp_count FROM `ding_hooks` WHERE `status` >= 0 LIMIT 1   [ RunTime:0.0000s ]
SQL: SELECT `id`,`name`,`description`,`type`,`update_time`,`addons`,`status` FROM `ding_hooks` WHERE `status` >= 0 ORDER BY id desc LIMIT 0,10   [ RunTime:0.0010s ]
INFO: [ view_parse ] --START--
INFO: [ template_filter ] --START--
INFO: Run Behavior\ContentReplaceBehavior [ RunTime:0.001000s ]
INFO: [ template_filter ] --END-- [ RunTime:0.001000s ]
INFO: Run Behavior\ParseTemplateBehavior [ RunTime:0.039002s ]
INFO: [ view_parse ] --END-- [ RunTime:0.039002s ]
INFO: [ view_filter ] --START--
INFO: Run Behavior\WriteHtmlCacheBehavior [ RunTime:0.001000s ]
INFO: [ view_filter ] --END-- [ RunTime:0.001000s ]
INFO: [ app_end ] --START--
INFO: Run Behavior\ShowPageTraceBehavior [ RunTime:0.001000s ]
INFO: [ app_end ] --END-- [ RunTime:0.001000s ]

[ 2015-03-01T08:38:55+08:00 ] 127.0.0.1 /ding/admin.php?s=/Addons/edithook/id/2.html
SQL: SHOW COLUMNS FROM `ding_menu` [ RunTime:0.0030s ]
SQL: SELECT `id`,`title`,`url` FROM `ding_menu` WHERE `pid` = 0 AND `hide` = 0 ORDER BY sort asc  [ RunTime:0.0000s ]
SQL: SELECT `pid` FROM `ding_menu` WHERE ( pid !=0 AND url like '%Addons/edithook%' ) LIMIT 1   [ RunTime:0.0000s ]
SQL: SELECT * FROM `ding_menu` WHERE `id` = 57 LIMIT 1   [ RunTime:0.0000s ]
SQL: SELECT * FROM `ding_menu` WHERE `id` = 43 LIMIT 1   [ RunTime:0.0000s ]
SQL: SELECT DISTINCT  `group` FROM `ding_menu` WHERE `group` <> '' AND `pid` = 43  [ RunTime:0.0000s ]
SQL: SELECT `id`,`url` FROM `ding_menu` WHERE `pid` = 43 AND `hide` = 0  [ RunTime:0.0000s ]
SQL: SELECT `id`,`pid`,`title`,`url`,`tip` FROM `ding_menu` WHERE `group` = '扩展' AND `pid` = 43 AND `hide` = 0 ORDER BY sort asc  [ RunTime:0.0000s ]
SQL: SHOW COLUMNS FROM `ding_hooks` [ RunTime:0.0030s ]
SQL: SELECT `id`,`name`,`description`,`type`,`update_time`,`addons`,`status` FROM `ding_hooks` WHERE `id` = 2 LIMIT 1   [ RunTime:0.0000s ]
INFO: [ view_parse ] --START--
INFO: [ template_filter ] --START--
INFO: Run Behavior\ContentReplaceBehavior [ RunTime:0.000000s ]
INFO: [ template_filter ] --END-- [ RunTime:0.000000s ]
INFO: Run Behavior\ParseTemplateBehavior [ RunTime:0.030002s ]
INFO: [ view_parse ] --END-- [ RunTime:0.030002s ]
INFO: [ view_filter ] --START--
INFO: Run Behavior\WriteHtmlCacheBehavior [ RunTime:0.001000s ]
INFO: [ view_filter ] --END-- [ RunTime:0.001000s ]
INFO: [ app_end ] --START--
INFO: Run Behavior\ShowPageTraceBehavior [ RunTime:0.001000s ]
INFO: [ app_end ] --END-- [ RunTime:0.001000s ]

[ 2015-03-01T08:39:07+08:00 ] 127.0.0.1 /ding/admin.php?s=/Addons/index.html
SQL: SHOW COLUMNS FROM `ding_menu` [ RunTime:0.0030s ]
SQL: SELECT `id`,`title`,`url` FROM `ding_menu` WHERE `pid` = 0 AND `hide` = 0 ORDER BY sort asc  [ RunTime:0.0000s ]
SQL: SELECT `pid` FROM `ding_menu` WHERE ( pid !=0 AND url like '%Addons/index%' ) LIMIT 1   [ RunTime:0.0000s ]
SQL: SELECT * FROM `ding_menu` WHERE `id` = 43 LIMIT 1   [ RunTime:0.0000s ]
SQL: SELECT DISTINCT  `group` FROM `ding_menu` WHERE `group` <> '' AND `pid` = 43  [ RunTime:0.0010s ]
SQL: SELECT `id`,`url` FROM `ding_menu` WHERE `pid` = 43 AND `hide` = 0  [ RunTime:0.0000s ]
SQL: SELECT `id`,`pid`,`title`,`url`,`tip` FROM `ding_menu` WHERE `group` = '扩展' AND `pid` = 43 AND `hide` = 0 ORDER BY sort asc  [ RunTime:0.0000s ]
SQL: SELECT `id`,`name`,`title`,`description`,`status`,`config`,`author`,`version`,`create_time`,`has_adminlist` FROM `ding_addons` WHERE `name` IN ('Attachment','Editor','EditorForAdmin','SiteStat','SocialComment','SystemInfo','kaifarenyuan')  [ RunTime:0.0010s ]
INFO: [ view_parse ] --START--
INFO: [ template_filter ] --START--
INFO: Run Behavior\ContentReplaceBehavior [ RunTime:0.000000s ]
INFO: [ template_filter ] --END-- [ RunTime:0.000000s ]
SQL: SHOW COLUMNS FROM `ding_addons` [ RunTime:0.0030s ]
SQL: SELECT `config` FROM `ding_addons` WHERE `name` = 'SocialComment' AND `status` = 1 LIMIT 1   [ RunTime:0.0000s ]
SQL: SELECT `config` FROM `ding_addons` WHERE `name` = 'kaifarenyuan' AND `status` = 1 LIMIT 1   [ RunTime:0.0000s ]
SQL: SELECT `config` FROM `ding_addons` WHERE `name` = 'Attachment' AND `status` = 1 LIMIT 1   [ RunTime:0.0000s ]
SQL: SELECT `config` FROM `ding_addons` WHERE `name` = 'Editor' AND `status` = 1 LIMIT 1   [ RunTime:0.0010s ]
SQL: SELECT `config` FROM `ding_addons` WHERE `name` = 'SiteStat' AND `status` = 1 LIMIT 1   [ RunTime:0.0000s ]
SQL: SELECT `config` FROM `ding_addons` WHERE `name` = 'SystemInfo' AND `status` = 1 LIMIT 1   [ RunTime:0.0010s ]
SQL: SELECT `config` FROM `ding_addons` WHERE `name` = 'EditorForAdmin' AND `status` = 1 LIMIT 1   [ RunTime:0.0000s ]
INFO: Run Behavior\ParseTemplateBehavior [ RunTime:0.043003s ]
INFO: [ view_parse ] --END-- [ RunTime:0.043003s ]
INFO: [ view_filter ] --START--
INFO: Run Behavior\WriteHtmlCacheBehavior [ RunTime:0.000000s ]
INFO: [ view_filter ] --END-- [ RunTime:0.000000s ]
INFO: [ app_end ] --START--
INFO: Run Behavior\ShowPageTraceBehavior [ RunTime:0.000000s ]
INFO: [ app_end ] --END-- [ RunTime:0.000000s ]

[ 2015-03-01T08:39:09+08:00 ] 127.0.0.1 /ding/admin.php?s=/Addons/create.html
SQL: SHOW COLUMNS FROM `ding_menu` [ RunTime:0.0030s ]
SQL: SELECT `id`,`title`,`url` FROM `ding_menu` WHERE `pid` = 0 AND `hide` = 0 ORDER BY sort asc  [ RunTime:0.0000s ]
SQL: SELECT `pid` FROM `ding_menu` WHERE ( pid !=0 AND url like '%Addons/create%' ) LIMIT 1   [ RunTime:0.0000s ]
SQL: SELECT * FROM `ding_menu` WHERE `id` = 44 LIMIT 1   [ RunTime:0.0000s ]
SQL: SELECT * FROM `ding_menu` WHERE `id` = 43 LIMIT 1   [ RunTime:0.0000s ]
SQL: SELECT DISTINCT  `group` FROM `ding_menu` WHERE `group` <> '' AND `pid` = 43  [ RunTime:0.0000s ]
SQL: SELECT `id`,`url` FROM `ding_menu` WHERE `pid` = 43 AND `hide` = 0  [ RunTime:0.0000s ]
SQL: SELECT `id`,`pid`,`title`,`url`,`tip` FROM `ding_menu` WHERE `group` = '扩展' AND `pid` = 43 AND `hide` = 0 ORDER BY sort asc  [ RunTime:0.0000s ]
SQL: SHOW COLUMNS FROM `ding_hooks` [ RunTime:0.0030s ]
SQL: SELECT `name`,`description` FROM `ding_hooks`  [ RunTime:0.0010s ]
INFO: [ view_parse ] --START--
INFO: [ template_filter ] --START--
INFO: Run Behavior\ContentReplaceBehavior [ RunTime:0.000000s ]
INFO: [ template_filter ] --END-- [ RunTime:0.000000s ]
INFO: Run Behavior\ParseTemplateBehavior [ RunTime:0.028001s ]
INFO: [ view_parse ] --END-- [ RunTime:0.028001s ]
INFO: [ view_filter ] --START--
INFO: Run Behavior\WriteHtmlCacheBehavior [ RunTime:0.000000s ]
INFO: [ view_filter ] --END-- [ RunTime:0.000000s ]
INFO: [ app_end ] --START--
INFO: Run Behavior\ShowPageTraceBehavior [ RunTime:0.000000s ]
INFO: [ app_end ] --END-- [ RunTime:0.000000s ]

[ 2015-03-01T08:40:23+08:00 ] 127.0.0.1 /ding/admin.php?s=/Addons/preview.html
INFO: [ app_begin ] --START--
INFO: Run Behavior\ReadHtmlCacheBehavior [ RunTime:0.010000s ]
INFO: [ app_begin ] --END-- [ RunTime:0.010000s ]
SQL: SHOW COLUMNS FROM `ding_addons` [ RunTime:0.0000s ]
SQL: SELECT `title`,`name` FROM `ding_addons` WHERE ( status=1 AND has_adminlist=1 )  [ RunTime:0.0000s ]
SQL: SHOW COLUMNS FROM `ding_menu` [ RunTime:0.0000s ]
SQL: SELECT `id`,`title`,`url` FROM `ding_menu` WHERE `pid` = 0 AND `hide` = 0 ORDER BY sort asc  [ RunTime:0.0100s ]
SQL: SELECT `pid` FROM `ding_menu` WHERE ( pid !=0 AND url like '%Addons/preview%' ) LIMIT 1   [ RunTime:0.0000s ]
SQL: SELECT * FROM `ding_menu` WHERE `id` = 44 LIMIT 1   [ RunTime:0.0000s ]
SQL: SELECT * FROM `ding_menu` WHERE `id` = 43 LIMIT 1   [ RunTime:0.0000s ]
SQL: SELECT DISTINCT  `group` FROM `ding_menu` WHERE `group` <> '' AND `pid` = 43  [ RunTime:0.0000s ]
SQL: SELECT `id`,`url` FROM `ding_menu` WHERE `pid` = 43 AND `hide` = 0  [ RunTime:0.0000s ]
SQL: SELECT `id`,`pid`,`title`,`url`,`tip` FROM `ding_menu` WHERE `group` = '扩展' AND `pid` = 43 AND `hide` = 0 ORDER BY sort asc  [ RunTime:0.0000s ]
NOTIC: [8] Undefined index: has_adminlist D:\wwwroot\ding\Application\Admin\Controller\AddonsController.class.php 第 52 行.
NOTIC: [8] Undefined index: has_adminlist D:\wwwroot\ding\Application\Admin\Controller\AddonsController.class.php 第 64 行.

[ 2015-03-01T08:40:31+08:00 ] 127.0.0.1 /ding/admin.php?s=/Addons/checkForm.html
INFO: [ app_begin ] --START--
INFO: Run Behavior\ReadHtmlCacheBehavior [ RunTime:0.000000s ]
INFO: [ app_begin ] --END-- [ RunTime:0.000000s ]
SQL: SHOW COLUMNS FROM `ding_addons` [ RunTime:0.0000s ]
SQL: SELECT `title`,`name` FROM `ding_addons` WHERE ( status=1 AND has_adminlist=1 )  [ RunTime:0.0000s ]
SQL: SHOW COLUMNS FROM `ding_menu` [ RunTime:0.0000s ]
SQL: SELECT `id`,`title`,`url` FROM `ding_menu` WHERE `pid` = 0 AND `hide` = 0 ORDER BY sort asc  [ RunTime:0.0000s ]
SQL: SELECT `pid` FROM `ding_menu` WHERE ( pid !=0 AND url like '%Addons/checkForm%' ) LIMIT 1   [ RunTime:0.0000s ]
SQL: SELECT * FROM `ding_menu` WHERE `id` = 44 LIMIT 1   [ RunTime:0.0000s ]
SQL: SELECT * FROM `ding_menu` WHERE `id` = 43 LIMIT 1   [ RunTime:0.0000s ]
SQL: SELECT DISTINCT  `group` FROM `ding_menu` WHERE `group` <> '' AND `pid` = 43  [ RunTime:0.0100s ]
SQL: SELECT `id`,`url` FROM `ding_menu` WHERE `pid` = 43 AND `hide` = 0  [ RunTime:0.0000s ]
SQL: SELECT `id`,`pid`,`title`,`url`,`tip` FROM `ding_menu` WHERE `group` = '扩展' AND `pid` = 43 AND `hide` = 0 ORDER BY sort asc  [ RunTime:0.0000s ]

[ 2015-03-01T08:40:31+08:00 ] 127.0.0.1 /ding/admin.php?s=/Addons/build.html
INFO: [ app_begin ] --START--
INFO: Run Behavior\ReadHtmlCacheBehavior [ RunTime:0.000000s ]
INFO: [ app_begin ] --END-- [ RunTime:0.000000s ]
SQL: SHOW COLUMNS FROM `ding_addons` [ RunTime:0.0000s ]
SQL: SELECT `title`,`name` FROM `ding_addons` WHERE ( status=1 AND has_adminlist=1 )  [ RunTime:0.0000s ]
SQL: SHOW COLUMNS FROM `ding_menu` [ RunTime:0.0000s ]
SQL: SELECT `id`,`title`,`url` FROM `ding_menu` WHERE `pid` = 0 AND `hide` = 0 ORDER BY sort asc  [ RunTime:0.0000s ]
SQL: SELECT `pid` FROM `ding_menu` WHERE ( pid !=0 AND url like '%Addons/build%' ) LIMIT 1   [ RunTime:0.0000s ]
SQL: SELECT * FROM `ding_menu` WHERE `id` = 44 LIMIT 1   [ RunTime:0.0000s ]
SQL: SELECT * FROM `ding_menu` WHERE `id` = 43 LIMIT 1   [ RunTime:0.0000s ]
SQL: SELECT DISTINCT  `group` FROM `ding_menu` WHERE `group` <> '' AND `pid` = 43  [ RunTime:0.0000s ]
SQL: SELECT `id`,`url` FROM `ding_menu` WHERE `pid` = 43 AND `hide` = 0  [ RunTime:0.0000s ]
SQL: SELECT `id`,`pid`,`title`,`url`,`tip` FROM `ding_menu` WHERE `group` = '扩展' AND `pid` = 43 AND `hide` = 0 ORDER BY sort asc  [ RunTime:0.0000s ]
NOTIC: [8] Undefined index: has_adminlist D:\wwwroot\ding\Application\Admin\Controller\AddonsController.class.php 第 52 行.
NOTIC: [8] Undefined index: has_adminlist D:\wwwroot\ding\Application\Admin\Controller\AddonsController.class.php 第 64 行.
NOTIC: [8] Undefined index: has_outurl D:\wwwroot\ding\Application\Admin\Controller\AddonsController.class.php 第 151 行.
NOTIC: [8] Undefined index: has_outurl D:\wwwroot\ding\Application\Admin\Controller\AddonsController.class.php 第 169 行.

[ 2015-03-01T08:40:32+08:00 ] 127.0.0.1 /ding/admin.php?s=/Addons/index.html
SQL: SHOW COLUMNS FROM `ding_menu` [ RunTime:0.0000s ]
SQL: SELECT `id`,`title`,`url` FROM `ding_menu` WHERE `pid` = 0 AND `hide` = 0 ORDER BY sort asc  [ RunTime:0.0000s ]
SQL: SELECT `pid` FROM `ding_menu` WHERE ( pid !=0 AND url like '%Addons/index%' ) LIMIT 1   [ RunTime:0.0000s ]
SQL: SELECT * FROM `ding_menu` WHERE `id` = 43 LIMIT 1   [ RunTime:0.0000s ]
SQL: SELECT DISTINCT  `group` FROM `ding_menu` WHERE `group` <> '' AND `pid` = 43  [ RunTime:0.0000s ]
SQL: SELECT `id`,`url` FROM `ding_menu` WHERE `pid` = 43 AND `hide` = 0  [ RunTime:0.0000s ]
SQL: SELECT `id`,`pid`,`title`,`url`,`tip` FROM `ding_menu` WHERE `group` = '扩展' AND `pid` = 43 AND `hide` = 0 ORDER BY sort asc  [ RunTime:0.0000s ]
SQL: SELECT `id`,`name`,`title`,`description`,`status`,`config`,`author`,`version`,`create_time`,`has_adminlist` FROM `ding_addons` WHERE `name` IN ('Attachment','Editor','EditorForAdmin','SiteStat','SocialComment','SystemInfo','kaifarenyuan','loadjs')  [ RunTime:0.0000s ]
INFO: [ view_parse ] --START--
INFO: [ template_filter ] --START--
INFO: Run Behavior\ContentReplaceBehavior [ RunTime:0.000000s ]
INFO: [ template_filter ] --END-- [ RunTime:0.000000s ]
SQL: SHOW COLUMNS FROM `ding_addons` [ RunTime:0.0000s ]
SQL: SELECT `config` FROM `ding_addons` WHERE `name` = 'SocialComment' AND `status` = 1 LIMIT 1   [ RunTime:0.0000s ]
SQL: SELECT `config` FROM `ding_addons` WHERE `name` = 'kaifarenyuan' AND `status` = 1 LIMIT 1   [ RunTime:0.0100s ]
SQL: SELECT `config` FROM `ding_addons` WHERE `name` = 'Attachment' AND `status` = 1 LIMIT 1   [ RunTime:0.0000s ]
SQL: SELECT `config` FROM `ding_addons` WHERE `name` = 'Editor' AND `status` = 1 LIMIT 1   [ RunTime:0.0000s ]
SQL: SELECT `config` FROM `ding_addons` WHERE `name` = 'SiteStat' AND `status` = 1 LIMIT 1   [ RunTime:0.0000s ]
SQL: SELECT `config` FROM `ding_addons` WHERE `name` = 'SystemInfo' AND `status` = 1 LIMIT 1   [ RunTime:0.0000s ]
SQL: SELECT `config` FROM `ding_addons` WHERE `name` = 'EditorForAdmin' AND `status` = 1 LIMIT 1   [ RunTime:0.0000s ]
INFO: Run Behavior\ParseTemplateBehavior [ RunTime:0.050000s ]
INFO: [ view_parse ] --END-- [ RunTime:0.050000s ]
INFO: [ view_filter ] --START--
INFO: Run Behavior\WriteHtmlCacheBehavior [ RunTime:0.000000s ]
INFO: [ view_filter ] --END-- [ RunTime:0.000000s ]
INFO: [ app_end ] --START--
INFO: Run Behavior\ShowPageTraceBehavior [ RunTime:0.000000s ]
INFO: [ app_end ] --END-- [ RunTime:0.000000s ]

[ 2015-03-01T08:43:36+08:00 ] 127.0.0.1 /ding/admin.php?s=/Addons/index.html
SQL: SHOW COLUMNS FROM `ding_menu` [ RunTime:0.0000s ]
SQL: SELECT `id`,`title`,`url` FROM `ding_menu` WHERE `pid` = 0 AND `hide` = 0 ORDER BY sort asc  [ RunTime:0.0000s ]
SQL: SELECT `pid` FROM `ding_menu` WHERE ( pid !=0 AND url like '%Addons/index%' ) LIMIT 1   [ RunTime:0.0000s ]
SQL: SELECT * FROM `ding_menu` WHERE `id` = 43 LIMIT 1   [ RunTime:0.0000s ]
SQL: SELECT DISTINCT  `group` FROM `ding_menu` WHERE `group` <> '' AND `pid` = 43  [ RunTime:0.0000s ]
SQL: SELECT `id`,`url` FROM `ding_menu` WHERE `pid` = 43 AND `hide` = 0  [ RunTime:0.0000s ]
SQL: SELECT `id`,`pid`,`title`,`url`,`tip` FROM `ding_menu` WHERE `group` = '扩展' AND `pid` = 43 AND `hide` = 0 ORDER BY sort asc  [ RunTime:0.0000s ]
SQL: SELECT `id`,`name`,`title`,`description`,`status`,`config`,`author`,`version`,`create_time`,`has_adminlist` FROM `ding_addons` WHERE `name` IN ('Attachment','Editor','EditorForAdmin','SiteStat','SocialComment','SystemInfo','kaifarenyuan','loadjs')  [ RunTime:0.0000s ]
INFO: [ view_parse ] --START--
INFO: [ template_filter ] --START--
INFO: Run Behavior\ContentReplaceBehavior [ RunTime:0.000000s ]
INFO: [ template_filter ] --END-- [ RunTime:0.000000s ]
SQL: SHOW COLUMNS FROM `ding_addons` [ RunTime:0.0000s ]
SQL: SELECT `config` FROM `ding_addons` WHERE `name` = 'SocialComment' AND `status` = 1 LIMIT 1   [ RunTime:0.0000s ]
SQL: SELECT `config` FROM `ding_addons` WHERE `name` = 'kaifarenyuan' AND `status` = 1 LIMIT 1   [ RunTime:0.0000s ]
SQL: SELECT `config` FROM `ding_addons` WHERE `name` = 'Attachment' AND `status` = 1 LIMIT 1   [ RunTime:0.0000s ]
SQL: SELECT `config` FROM `ding_addons` WHERE `name` = 'Editor' AND `status` = 1 LIMIT 1   [ RunTime:0.0000s ]
SQL: SELECT `config` FROM `ding_addons` WHERE `name` = 'SiteStat' AND `status` = 1 LIMIT 1   [ RunTime:0.0000s ]
SQL: SELECT `config` FROM `ding_addons` WHERE `name` = 'SystemInfo' AND `status` = 1 LIMIT 1   [ RunTime:0.0000s ]
SQL: SELECT `config` FROM `ding_addons` WHERE `name` = 'EditorForAdmin' AND `status` = 1 LIMIT 1   [ RunTime:0.0000s ]
INFO: Run Behavior\ParseTemplateBehavior [ RunTime:0.040000s ]
INFO: [ view_parse ] --END-- [ RunTime:0.040000s ]
INFO: [ view_filter ] --START--
INFO: Run Behavior\WriteHtmlCacheBehavior [ RunTime:0.000000s ]
INFO: [ view_filter ] --END-- [ RunTime:0.000000s ]
INFO: [ app_end ] --START--
INFO: Run Behavior\ShowPageTraceBehavior [ RunTime:0.000000s ]
INFO: [ app_end ] --END-- [ RunTime:0.000000s ]

[ 2015-03-01T08:43:39+08:00 ] 127.0.0.1 /ding/admin.php?s=/Addons/install/addon_name/loadjs.html
INFO: [ app_begin ] --START--
INFO: Run Behavior\ReadHtmlCacheBehavior [ RunTime:0.000000s ]
INFO: [ app_begin ] --END-- [ RunTime:0.000000s ]
SQL: SHOW COLUMNS FROM `ding_addons` [ RunTime:0.0000s ]
SQL: SELECT `title`,`name` FROM `ding_addons` WHERE ( status=1 AND has_adminlist=1 )  [ RunTime:0.0000s ]
SQL: SHOW COLUMNS FROM `ding_menu` [ RunTime:0.0000s ]
SQL: SELECT `id`,`title`,`url` FROM `ding_menu` WHERE `pid` = 0 AND `hide` = 0 ORDER BY sort asc  [ RunTime:0.0000s ]
SQL: SELECT `pid` FROM `ding_menu` WHERE ( pid !=0 AND url like '%Addons/install%' ) LIMIT 1   [ RunTime:0.0000s ]
SQL: SELECT * FROM `ding_menu` WHERE `id` = 44 LIMIT 1   [ RunTime:0.0000s ]
SQL: SELECT * FROM `ding_menu` WHERE `id` = 43 LIMIT 1   [ RunTime:0.0000s ]
SQL: SELECT DISTINCT  `group` FROM `ding_menu` WHERE `group` <> '' AND `pid` = 43  [ RunTime:0.0000s ]
SQL: SELECT `id`,`url` FROM `ding_menu` WHERE `pid` = 43 AND `hide` = 0  [ RunTime:0.0000s ]
SQL: SELECT `id`,`pid`,`title`,`url`,`tip` FROM `ding_menu` WHERE `group` = '扩展' AND `pid` = 43 AND `hide` = 0 ORDER BY sort asc  [ RunTime:0.0000s ]
SQL: INSERT INTO `ding_addons` (`name`,`title`,`description`,`status`,`author`,`version`,`create_time`,`has_adminlist`) VALUES ('loadjs','加载阴面地步的JS代码','这个插件式为了加载页面地步的js代码的','1','王玉松','0.1','1425170619','0') [ RunTime:0.0000s ]
SQL: SHOW COLUMNS FROM `ding_addons` [ RunTime:0.0000s ]
SQL: SELECT `config` FROM `ding_addons` WHERE `name` = 'loadjs' AND `status` = 1 LIMIT 1   [ RunTime:0.0000s ]
SQL: UPDATE `ding_addons` SET `config`='{\"random\":\"1\"}' WHERE ( name='loadjs' ) [ RunTime:0.0000s ]
SQL: SHOW COLUMNS FROM `ding_hooks` [ RunTime:0.0100s ]
SQL: SELECT `name` FROM `ding_hooks`  [ RunTime:0.0000s ]
SQL: SELECT `addons` FROM `ding_hooks` WHERE ( name='pageFooter' ) LIMIT 1   [ RunTime:0.0000s ]
SQL: UPDATE `ding_hooks` SET `addons`='ReturnTop,loadjs' WHERE ( name='pageFooter' ) [ RunTime:0.0000s ]

[ 2015-03-01T08:43:41+08:00 ] 127.0.0.1 /ding/admin.php?s=/Addons/index.html
SQL: SHOW COLUMNS FROM `ding_menu` [ RunTime:0.0000s ]
SQL: SELECT `id`,`title`,`url` FROM `ding_menu` WHERE `pid` = 0 AND `hide` = 0 ORDER BY sort asc  [ RunTime:0.0000s ]
SQL: SELECT `pid` FROM `ding_menu` WHERE ( pid !=0 AND url like '%Addons/index%' ) LIMIT 1   [ RunTime:0.0000s ]
SQL: SELECT * FROM `ding_menu` WHERE `id` = 43 LIMIT 1   [ RunTime:0.0000s ]
SQL: SELECT DISTINCT  `group` FROM `ding_menu` WHERE `group` <> '' AND `pid` = 43  [ RunTime:0.0000s ]
SQL: SELECT `id`,`url` FROM `ding_menu` WHERE `pid` = 43 AND `hide` = 0  [ RunTime:0.0000s ]
SQL: SELECT `id`,`pid`,`title`,`url`,`tip` FROM `ding_menu` WHERE `group` = '扩展' AND `pid` = 43 AND `hide` = 0 ORDER BY sort asc  [ RunTime:0.0000s ]
SQL: SELECT `id`,`name`,`title`,`description`,`status`,`config`,`author`,`version`,`create_time`,`has_adminlist` FROM `ding_addons` WHERE `name` IN ('Attachment','Editor','EditorForAdmin','SiteStat','SocialComment','SystemInfo','kaifarenyuan','loadjs')  [ RunTime:0.0000s ]
INFO: [ view_parse ] --START--
INFO: [ template_filter ] --START--
INFO: Run Behavior\ContentReplaceBehavior [ RunTime:0.000000s ]
INFO: [ template_filter ] --END-- [ RunTime:0.000000s ]
SQL: SELECT `config` FROM `ding_addons` WHERE `name` = 'SocialComment' AND `status` = 1 LIMIT 1   [ RunTime:0.0000s ]
SQL: SELECT `config` FROM `ding_addons` WHERE `name` = 'kaifarenyuan' AND `status` = 1 LIMIT 1   [ RunTime:0.0000s ]
SQL: SELECT `config` FROM `ding_addons` WHERE `name` = 'loadjs' AND `status` = 1 LIMIT 1   [ RunTime:0.0000s ]
SQL: SELECT `config` FROM `ding_addons` WHERE `name` = 'Attachment' AND `status` = 1 LIMIT 1   [ RunTime:0.0000s ]
SQL: SELECT `config` FROM `ding_addons` WHERE `name` = 'Editor' AND `status` = 1 LIMIT 1   [ RunTime:0.0000s ]
SQL: SELECT `config` FROM `ding_addons` WHERE `name` = 'SiteStat' AND `status` = 1 LIMIT 1   [ RunTime:0.0000s ]
SQL: SELECT `config` FROM `ding_addons` WHERE `name` = 'SystemInfo' AND `status` = 1 LIMIT 1   [ RunTime:0.0000s ]
SQL: SELECT `config` FROM `ding_addons` WHERE `name` = 'EditorForAdmin' AND `status` = 1 LIMIT 1   [ RunTime:0.0000s ]
INFO: Run Behavior\ParseTemplateBehavior [ RunTime:0.040000s ]
INFO: [ view_parse ] --END-- [ RunTime:0.040000s ]
INFO: [ view_filter ] --START--
INFO: Run Behavior\WriteHtmlCacheBehavior [ RunTime:0.000000s ]
INFO: [ view_filter ] --END-- [ RunTime:0.000000s ]
INFO: [ app_end ] --START--
INFO: Run Behavior\ShowPageTraceBehavior [ RunTime:0.000000s ]
INFO: [ app_end ] --END-- [ RunTime:0.000000s ]

[ 2015-03-01T08:51:05+08:00 ] 127.0.0.1 /ding/admin.php?s=/Addons/index.html
SQL: SHOW COLUMNS FROM `ding_menu` [ RunTime:0.0020s ]
SQL: SELECT `id`,`title`,`url` FROM `ding_menu` WHERE `pid` = 0 AND `hide` = 0 ORDER BY sort asc  [ RunTime:0.0000s ]
SQL: SELECT `pid` FROM `ding_menu` WHERE ( pid !=0 AND url like '%Addons/index%' ) LIMIT 1   [ RunTime:0.0000s ]
SQL: SELECT * FROM `ding_menu` WHERE `id` = 43 LIMIT 1   [ RunTime:0.0000s ]
SQL: SELECT DISTINCT  `group` FROM `ding_menu` WHERE `group` <> '' AND `pid` = 43  [ RunTime:0.0010s ]
SQL: SELECT `id`,`url` FROM `ding_menu` WHERE `pid` = 43 AND `hide` = 0  [ RunTime:0.0000s ]
SQL: SELECT `id`,`pid`,`title`,`url`,`tip` FROM `ding_menu` WHERE `group` = '扩展' AND `pid` = 43 AND `hide` = 0 ORDER BY sort asc  [ RunTime:0.0000s ]
SQL: SELECT `id`,`name`,`title`,`description`,`status`,`config`,`author`,`version`,`create_time`,`has_adminlist` FROM `ding_addons` WHERE `name` IN ('Attachment','Editor','EditorForAdmin','SiteStat','SocialComment','SystemInfo','kaifarenyuan','loadjs')  [ RunTime:0.0010s ]
INFO: [ view_parse ] --START--
INFO: [ template_filter ] --START--
INFO: Run Behavior\ContentReplaceBehavior [ RunTime:0.000000s ]
INFO: [ template_filter ] --END-- [ RunTime:0.000000s ]
SQL: SHOW COLUMNS FROM `ding_addons` [ RunTime:0.0020s ]
SQL: SELECT `config` FROM `ding_addons` WHERE `name` = 'SocialComment' AND `status` = 1 LIMIT 1   [ RunTime:0.0000s ]
SQL: SELECT `config` FROM `ding_addons` WHERE `name` = 'kaifarenyuan' AND `status` = 1 LIMIT 1   [ RunTime:0.0000s ]
SQL: SELECT `config` FROM `ding_addons` WHERE `name` = 'loadjs' AND `status` = 1 LIMIT 1   [ RunTime:0.0000s ]
SQL: SELECT `config` FROM `ding_addons` WHERE `name` = 'Attachment' AND `status` = 1 LIMIT 1   [ RunTime:0.0000s ]
SQL: SELECT `config` FROM `ding_addons` WHERE `name` = 'Editor' AND `status` = 1 LIMIT 1   [ RunTime:0.0000s ]
SQL: SELECT `config` FROM `ding_addons` WHERE `name` = 'SiteStat' AND `status` = 1 LIMIT 1   [ RunTime:0.0010s ]
SQL: SELECT `config` FROM `ding_addons` WHERE `name` = 'SystemInfo' AND `status` = 1 LIMIT 1   [ RunTime:0.0010s ]
SQL: SELECT `config` FROM `ding_addons` WHERE `name` = 'EditorForAdmin' AND `status` = 1 LIMIT 1   [ RunTime:0.0000s ]
INFO: Run Behavior\ParseTemplateBehavior [ RunTime:0.043002s ]
INFO: [ view_parse ] --END-- [ RunTime:0.044003s ]
INFO: [ view_filter ] --START--
INFO: Run Behavior\WriteHtmlCacheBehavior [ RunTime:0.000000s ]
INFO: [ view_filter ] --END-- [ RunTime:0.000000s ]
INFO: [ app_end ] --START--
INFO: Run Behavior\ShowPageTraceBehavior [ RunTime:0.000000s ]
INFO: [ app_end ] --END-- [ RunTime:0.001000s ]

[ 2015-03-01T08:51:07+08:00 ] 127.0.0.1 /ding/admin.php?s=/Addons/config/id/19.html
SQL: SHOW COLUMNS FROM `ding_menu` [ RunTime:0.0050s ]
SQL: SELECT `id`,`title`,`url` FROM `ding_menu` WHERE `pid` = 0 AND `hide` = 0 ORDER BY sort asc  [ RunTime:0.0000s ]
SQL: SELECT `pid` FROM `ding_menu` WHERE ( pid !=0 AND url like '%Addons/config%' ) LIMIT 1   [ RunTime:0.0010s ]
SQL: SELECT * FROM `ding_menu` WHERE `id` = 44 LIMIT 1   [ RunTime:0.0010s ]
SQL: SELECT * FROM `ding_menu` WHERE `id` = 43 LIMIT 1   [ RunTime:0.0000s ]
SQL: SELECT DISTINCT  `group` FROM `ding_menu` WHERE `group` <> '' AND `pid` = 43  [ RunTime:0.0000s ]
SQL: SELECT `id`,`url` FROM `ding_menu` WHERE `pid` = 43 AND `hide` = 0  [ RunTime:0.0000s ]
SQL: SELECT `id`,`pid`,`title`,`url`,`tip` FROM `ding_menu` WHERE `group` = '扩展' AND `pid` = 43 AND `hide` = 0 ORDER BY sort asc  [ RunTime:0.0000s ]
SQL: SHOW COLUMNS FROM `ding_addons` [ RunTime:0.0040s ]
SQL: SELECT * FROM `ding_addons` WHERE `id` = 19 LIMIT 1   [ RunTime:0.0000s ]
INFO: [ view_parse ] --START--
INFO: [ template_filter ] --START--
INFO: Run Behavior\ContentReplaceBehavior [ RunTime:0.000000s ]
INFO: [ template_filter ] --END-- [ RunTime:0.000000s ]
INFO: Run Behavior\ParseTemplateBehavior [ RunTime:0.106006s ]
INFO: [ view_parse ] --END-- [ RunTime:0.106006s ]
INFO: [ view_filter ] --START--
INFO: Run Behavior\WriteHtmlCacheBehavior [ RunTime:0.001000s ]
INFO: [ view_filter ] --END-- [ RunTime:0.001000s ]
INFO: [ app_end ] --START--
INFO: Run Behavior\ShowPageTraceBehavior [ RunTime:0.000000s ]
INFO: [ app_end ] --END-- [ RunTime:0.002000s ]

[ 2015-03-01T08:51:19+08:00 ] 127.0.0.1 /ding/admin.php?s=/Addons/config/id/19.html
SQL: SHOW COLUMNS FROM `ding_menu` [ RunTime:0.0000s ]
SQL: SELECT `id`,`title`,`url` FROM `ding_menu` WHERE `pid` = 0 AND `hide` = 0 ORDER BY sort asc  [ RunTime:0.0000s ]
SQL: SELECT `pid` FROM `ding_menu` WHERE ( pid !=0 AND url like '%Addons/config%' ) LIMIT 1   [ RunTime:0.0000s ]
SQL: SELECT * FROM `ding_menu` WHERE `id` = 44 LIMIT 1   [ RunTime:0.0000s ]
SQL: SELECT * FROM `ding_menu` WHERE `id` = 43 LIMIT 1   [ RunTime:0.0000s ]
SQL: SELECT DISTINCT  `group` FROM `ding_menu` WHERE `group` <> '' AND `pid` = 43  [ RunTime:0.0000s ]
SQL: SELECT `id`,`url` FROM `ding_menu` WHERE `pid` = 43 AND `hide` = 0  [ RunTime:0.0000s ]
SQL: SELECT `id`,`pid`,`title`,`url`,`tip` FROM `ding_menu` WHERE `group` = '扩展' AND `pid` = 43 AND `hide` = 0 ORDER BY sort asc  [ RunTime:0.0000s ]
SQL: SHOW COLUMNS FROM `ding_addons` [ RunTime:0.0000s ]
SQL: SELECT * FROM `ding_addons` WHERE `id` = 19 LIMIT 1   [ RunTime:0.0000s ]
INFO: [ view_parse ] --START--
INFO: [ template_filter ] --START--
INFO: Run Behavior\ContentReplaceBehavior [ RunTime:0.000000s ]
INFO: [ template_filter ] --END-- [ RunTime:0.000000s ]
INFO: Run Behavior\ParseTemplateBehavior [ RunTime:0.060000s ]
INFO: [ view_parse ] --END-- [ RunTime:0.060000s ]
INFO: [ view_filter ] --START--
INFO: Run Behavior\WriteHtmlCacheBehavior [ RunTime:0.000000s ]
INFO: [ view_filter ] --END-- [ RunTime:0.000000s ]
INFO: [ app_end ] --START--
INFO: Run Behavior\ShowPageTraceBehavior [ RunTime:0.000000s ]
INFO: [ app_end ] --END-- [ RunTime:0.000000s ]

[ 2015-03-01T09:21:57+08:00 ] 127.0.0.1 /ding/admin.php
SQL: SHOW COLUMNS FROM `ding_menu` [ RunTime:0.0030s ]
SQL: SELECT `id`,`title`,`url` FROM `ding_menu` WHERE `pid` = 0 AND `hide` = 0 ORDER BY sort asc  [ RunTime:0.0000s ]
SQL: SELECT `pid` FROM `ding_menu` WHERE ( pid !=0 AND url like '%Index/index%' ) LIMIT 1   [ RunTime:0.0010s ]
INFO: [ view_parse ] --START--
INFO: [ template_filter ] --START--
INFO: Run Behavior\ContentReplaceBehavior [ RunTime:0.000000s ]
INFO: [ template_filter ] --END-- [ RunTime:0.000000s ]
INFO: [ AdminIndex ] --START--
SQL: SHOW COLUMNS FROM `ding_addons` [ RunTime:0.0020s ]
SQL: SELECT `config` FROM `ding_addons` WHERE `name` = 'SiteStat' AND `status` = 1 LIMIT 1   [ RunTime:0.0000s ]
SQL: SHOW COLUMNS FROM `ding_member` [ RunTime:0.0030s ]
SQL: SELECT COUNT(*) AS tp_count FROM `ding_member` LIMIT 1   [ RunTime:0.0000s ]
SQL: SHOW COLUMNS FROM `ding_action_log` [ RunTime:0.0020s ]
SQL: SELECT COUNT(*) AS tp_count FROM `ding_action_log` LIMIT 1   [ RunTime:0.0000s ]
SQL: SHOW COLUMNS FROM `ding_document` [ RunTime:0.0030s ]
SQL: SELECT COUNT(*) AS tp_count FROM `ding_document` LIMIT 1   [ RunTime:0.0000s ]
SQL: SHOW COLUMNS FROM `ding_category` [ RunTime:0.0020s ]
SQL: SELECT COUNT(*) AS tp_count FROM `ding_category` LIMIT 1   [ RunTime:0.0000s ]
SQL: SHOW COLUMNS FROM `ding_model` [ RunTime:0.0030s ]
SQL: SELECT COUNT(*) AS tp_count FROM `ding_model` LIMIT 1   [ RunTime:0.0000s ]
INFO: [ view_parse ] --START--
INFO: [ template_filter ] --START--
INFO: Run Behavior\ContentReplaceBehavior [ RunTime:0.000000s ]
INFO: [ template_filter ] --END-- [ RunTime:-0.029002s ]
INFO: Run Behavior\ParseTemplateBehavior [ RunTime:0.002001s ]
INFO: [ view_parse ] --END-- [ RunTime:0.002001s ]
INFO: [ view_filter ] --START--
INFO: Run Behavior\WriteHtmlCacheBehavior [ RunTime:0.000000s ]
INFO: [ view_filter ] --END-- [ RunTime:0.000000s ]
INFO: Run Addons\SiteStat\SiteStatAddon [ RunTime:0.026002s ]
SQL: SELECT `config` FROM `ding_addons` WHERE `name` = 'SystemInfo' AND `status` = 1 LIMIT 1   [ RunTime:0.0000s ]
INFO: [ view_parse ] --START--
INFO: [ template_filter ] --START--
INFO: Run Behavior\ContentReplaceBehavior [ RunTime:0.000000s ]
INFO: [ template_filter ] --END-- [ RunTime:-0.034002s ]
SQL: select version() as v; [ RunTime:0.0000s ]
INFO: Run Behavior\ParseTemplateBehavior [ RunTime:0.003000s ]
INFO: [ view_parse ] --END-- [ RunTime:-0.003000s ]
INFO: [ view_filter ] --START--
INFO: Run Behavior\WriteHtmlCacheBehavior [ RunTime:0.000000s ]
INFO: [ view_filter ] --END-- [ RunTime:-0.005000s ]
INFO: Run Addons\SystemInfo\SystemInfoAddon [ RunTime:0.005000s ]
INFO: [ view_parse ] --START--
INFO: [ template_filter ] --START--
INFO: Run Behavior\ContentReplaceBehavior [ RunTime:0.001000s ]
INFO: [ template_filter ] --END-- [ RunTime:-0.038002s ]
INFO: Run Behavior\ParseTemplateBehavior [ RunTime:0.003000s ]
INFO: [ view_parse ] --END-- [ RunTime:-0.007000s ]
INFO: [ view_filter ] --START--
INFO: Run Behavior\WriteHtmlCacheBehavior [ RunTime:0.000000s ]
INFO: [ view_filter ] --END-- [ RunTime:-0.009000s ]
INFO: Run Addons\kaifarenyuan\kaifarenyuanAddon [ RunTime:0.004000s ]
INFO: [ AdminIndex ] --END-- [ RunTime:0.035002s ]
INFO: Run Behavior\ParseTemplateBehavior [ RunTime:0.003000s ]
INFO: [ view_parse ] --END-- [ RunTime:-0.007000s ]
INFO: [ view_filter ] --START--
INFO: Run Behavior\WriteHtmlCacheBehavior [ RunTime:0.000000s ]
INFO: [ view_filter ] --END-- [ RunTime:-0.009000s ]
INFO: [ app_end ] --START--
INFO: Run Behavior\ShowPageTraceBehavior [ RunTime:0.000000s ]
INFO: [ app_end ] --END-- [ RunTime:0.000000s ]

